<?xml version="1.0" encoding="UTF-8"?>
<robot generator="Robot 7.4.2 (Python 3.13.11 on darwin)" generated="2026-05-02T19:22:32.758825" rpa="false" schemaversion="5">
<suite id="s1" name="Tests" source="/Users/software_engineer/personal_project/sdet/transition_project/week_01/robot-framework-api-tests/tests">
<suite id="s1-s1" name="Auth" source="/Users/software_engineer/personal_project/sdet/transition_project/week_01/robot-framework-api-tests/tests/auth">
<suite id="s1-s1-s1" name="Auth Test" source="/Users/software_engineer/personal_project/sdet/transition_project/week_01/robot-framework-api-tests/tests/auth/auth_test.robot">
<test id="s1-s1-s1-t1" name="TC001 - User Login" line="6">
<kw name="Create Session for API" owner="common">
<kw name="Create Session" owner="RequestsLibrary">
<msg time="2026-05-02T19:22:32.828524" level="INFO">Creating Session using : alias=api, url=https://dummyjson.com, headers={},                     cookies={}, auth=None, timeout=10, proxies=None, verify=False,                     debug=0 </msg>
<arg>api</arg>
<arg>${BASE_URL}</arg>
<arg>timeout=${API_TIMEOUT}</arg>
<doc>Create Session: create a HTTP session to a server</doc>
<status status="PASS" start="2026-05-02T19:22:32.828382" elapsed="0.000235"/>
</kw>
<status status="PASS" start="2026-05-02T19:22:32.828122" elapsed="0.000538"/>
</kw>
<kw name="Create Dictionary" owner="BuiltIn">
<msg time="2026-05-02T19:22:32.828932" level="INFO">${data} = {'username': 'emilys', 'password': 'emilyspass'}</msg>
<var>${data}</var>
<arg>username=emilys</arg>
<arg>password=emilyspass</arg>
<doc>Creates and returns a dictionary based on the given ``items``.</doc>
<status status="PASS" start="2026-05-02T19:22:32.828734" elapsed="0.000212"/>
</kw>
<kw name="POST On Session" owner="RequestsLibrary">
<msg time="2026-05-02T19:22:33.580644" level="INFO">POST Request : url=https://dummyjson.com/auth/login 
 path_url=/auth/login 
 headers={'User-Agent': 'python-requests/2.33.1', 'Accept-Encoding': 'gzip, deflate', 'Accept': '*/*', 'Connection': 'keep-alive', 'Content-Length': '48', 'Content-Type': 'application/json'} 
 body=b'{"username": "emilys", "password": "emilyspass"}' 
 </msg>
<msg time="2026-05-02T19:22:33.580834" level="INFO">POST Response : url=https://dummyjson.com/auth/login 
 status=200, reason=OK 
 headers={'Date': 'Sat, 02 May 2026 12:22:33 GMT', 'Content-Type': 'application/json; charset=utf-8', 'Transfer-Encoding': 'chunked', 'Connection': 'keep-alive', 'access-control-allow-credentials': 'true', 'etag': 'W/"3a2-h/tPMOxKP1ITGATnQkrHa5TkTpM"', 'Set-Cookie': 'accessToken=eyJhbGciOiJIUzI1NiIsInR5cCI6IkpXVCJ9.eyJpZCI6MSwidXNlcm5hbWUiOiJlbWlseXMiLCJlbWFpbCI6ImVtaWx5LmpvaG5zb25AeC5kdW1teWpzb24uY29tIiwiZmlyc3ROYW1lIjoiRW1pbHkiLCJsYXN0TmFtZSI6IkpvaG5zb24iLCJnZW5kZXIiOiJmZW1hbGUiLCJpbWFnZSI6Imh0dHBzOi8vZHVtbXlqc29uLmNvbS9pY29uL2VtaWx5cy8xMjgiLCJpYXQiOjE3Nzc3MjQ1NTMsImV4cCI6MTc3NzcyODE1M30.r2NjY4AnjAPA5kdlerq25ttMOHfz3f_dozYP5x_8gdY; Max-Age=3600; Path=/; Expires=Sat, 02 May 2026 13:22:33 GMT; HttpOnly; Secure, refreshToken=eyJhbGciOiJIUzI1NiIsInR5cCI6IkpXVCJ9.eyJpZCI6MSwidXNlcm5hbWUiOiJlbWlseXMiLCJlbWFpbCI6ImVtaWx5LmpvaG5zb25AeC5kdW1teWpzb24uY29tIiwiZmlyc3ROYW1lIjoiRW1pbHkiLCJsYXN0TmFtZSI6IkpvaG5zb24iLCJnZW5kZXIiOiJmZW1hbGUiLCJpbWFnZSI6Imh0dHBzOi8vZHVtbXlqc29uLmNvbS9pY29uL2VtaWx5cy8xMjgiLCJpYXQiOjE3Nzc3MjQ1NTMsImV4cCI6MTc4MDMxNjU1M30.3iTh7wgAPjO33rbSSpYT_5tFMd04J10aWs1BhAZTn10; Max-Age=3600; Path=/; Expires=Sat, 02 May 2026 13:22:33 GMT; HttpOnly; Secure', 'strict-transport-security': 'max-age=15552000; includeSubDomains', 'vary': 'Origin, Accept-Encoding', 'x-content-type-options': 'nosniff', 'x-dns-prefetch-control': 'off', 'x-download-options': 'noopen', 'x-frame-options': 'SAMEORIGIN', 'x-ratelimit-limit': '100', 'x-ratelimit-remaining': '99', 'x-ratelimit-reset': '1777724560', 'x-xss-protection': '1; mode=block', 'cf-cache-status': 'DYNAMIC', 'Nel': '{"report_to":"cf-nel","success_fraction":0.0,"max_age":604800}', 'Report-To': '{"group":"cf-nel","max_age":604800,"endpoints":[{"url":"https://a.nel.cloudflare.com/report/v4?s=kWs4TQ82YBbJ0FFC0IOb4ifMpITcexHvvuIZe3Z0rVh2R2bY%2BTgGZRkAj5zc2UqNs5NatBb5vqjj7FYfG%2FRX1T%2F6urXzii0QVWK6120N4HCidsoX9F3huWJ97UBKhkem4%2BEINBtFoDR5CnRT"}]}', 'Content-Encoding': 'gzip', 'Server': 'cloudflare', 'CF-RAY': '9f56fdfa7f08b5e2-SIN'} 
 body={"accessToken":"eyJhbGciOiJIUzI1NiIsInR5cCI6IkpXVCJ9.eyJpZCI6MSwidXNlcm5hbWUiOiJlbWlseXMiLCJlbWFpbCI6ImVtaWx5LmpvaG5zb25AeC5kdW1teWpzb24uY29tIiwiZmlyc3ROYW1lIjoiRW1pbHkiLCJsYXN0TmFtZSI6IkpvaG5zb24iLCJnZW5kZXIiOiJmZW1hbGUiLCJpbWFnZSI6Imh0dHBzOi8vZHVtbXlqc29uLmNvbS9pY29uL2VtaWx5cy8xMjgiLCJpYXQiOjE3Nzc3MjQ1NTMsImV4cCI6MTc3NzcyODE1M30.r2NjY4AnjAPA5kdlerq25ttMOHfz3f_dozYP5x_8gdY","refreshToken":"eyJhbGciOiJIUzI1NiIsInR5cCI6IkpXVCJ9.eyJpZCI6MSwidXNlcm5hbWUiOiJlbWlseXMiLCJlbWFpbCI6ImVtaWx5LmpvaG5zb25AeC5kdW1teWpzb24uY29tIiwiZmlyc3ROYW1lIjoiRW1pbHkiLCJsYXN0TmFtZSI6IkpvaG5zb24iLCJnZW5kZXIiOiJmZW1hbGUiLCJpbWFnZSI6Imh0dHBzOi8vZHVtbXlqc29uLmNvbS9pY29uL2VtaWx5cy8xMjgiLCJpYXQiOjE3Nzc3MjQ1NTMsImV4cCI6MTc4MDMxNjU1M30.3iTh7wgAPjO33rbSSpYT_5tFMd04J10aWs1BhAZTn10","id":1,"username":"emilys","email":"emily.johnson@x.dummyjson.com","firstName":"Emily","lastName":"Johnson","gender":"female","image":"https://dummyjson.com/icon/emilys/128"} 
 </msg>
<msg time="2026-05-02T19:22:33.580959" level="INFO">/Users/software_engineer/personal_project/sdet/transition_project/venv/lib/python3.13/site-packages/urllib3/connectionpool.py:1097: InsecureRequestWarning: Unverified HTTPS request is being made to host 'dummyjson.com'. Adding certificate verification is strongly advised. See: https://urllib3.readthedocs.io/en/latest/advanced-usage.html#tls-warnings
  warnings.warn(</msg>
<msg time="2026-05-02T19:22:33.581153" level="INFO">${response} = &lt;Response [200]&gt;</msg>
<var>${response}</var>
<arg>api</arg>
<arg>${AUTH_ENDPOINT}/login</arg>
<arg>json=${data}</arg>
<doc>Sends a POST request on a previously created HTTP Session.</doc>
<status status="PASS" start="2026-05-02T19:22:32.829009" elapsed="0.752178"/>
</kw>
<kw name="Verify Status Code" owner="common">
<kw name="Should Be Equal As Integers" owner="BuiltIn">
<msg time="2026-05-02T19:22:33.582943" level="INFO">Argument types are:
&lt;class 'int'&gt;
&lt;class 'str'&gt;</msg>
<arg>${response.status_code}</arg>
<arg>${expected_status}</arg>
<doc>Fails if objects are unequal after converting them to integers.</doc>
<status status="PASS" start="2026-05-02T19:22:33.581970" elapsed="0.001057"/>
</kw>
<arg>${response}</arg>
<arg>200</arg>
<status status="PASS" start="2026-05-02T19:22:33.581534" elapsed="0.001584"/>
</kw>
<kw name="Should Not Be Empty" owner="BuiltIn">
<msg time="2026-05-02T19:22:33.584299" level="INFO">Length is 360.</msg>
<arg>${response.json()}[accessToken]</arg>
<doc>Verifies that the given item is not empty.</doc>
<status status="PASS" start="2026-05-02T19:22:33.583284" elapsed="0.001073"/>
</kw>
<status status="PASS" start="2026-05-02T19:22:32.827809" elapsed="0.756742"/>
</test>
<test id="s1-s1-s1-t2" name="TC002 - Get Current User" line="13">
<kw name="Create Session for API" owner="common">
<kw name="Create Session" owner="RequestsLibrary">
<msg time="2026-05-02T19:22:33.585766" level="INFO">Creating Session using : alias=api, url=https://dummyjson.com, headers={},                     cookies={}, auth=None, timeout=10, proxies=None, verify=False,                     debug=0 </msg>
<arg>api</arg>
<arg>${BASE_URL}</arg>
<arg>timeout=${API_TIMEOUT}</arg>
<doc>Create Session: create a HTTP session to a server</doc>
<status status="PASS" start="2026-05-02T19:22:33.585489" elapsed="0.000478"/>
</kw>
<status status="PASS" start="2026-05-02T19:22:33.585234" elapsed="0.000810"/>
</kw>
<kw name="Create Dictionary" owner="BuiltIn">
<msg time="2026-05-02T19:22:33.586586" level="INFO">${data} = {'username': 'emilys', 'password': 'emilyspass'}</msg>
<var>${data}</var>
<arg>username=emilys</arg>
<arg>password=emilyspass</arg>
<doc>Creates and returns a dictionary based on the given ``items``.</doc>
<status status="PASS" start="2026-05-02T19:22:33.586199" elapsed="0.000420"/>
</kw>
<kw name="POST On Session" owner="RequestsLibrary">
<msg time="2026-05-02T19:22:34.119813" level="INFO">POST Request : url=https://dummyjson.com/auth/login 
 path_url=/auth/login 
 headers={'User-Agent': 'python-requests/2.33.1', 'Accept-Encoding': 'gzip, deflate', 'Accept': '*/*', 'Connection': 'keep-alive', 'Content-Length': '48', 'Content-Type': 'application/json'} 
 body=b'{"username": "emilys", "password": "emilyspass"}' 
 </msg>
<msg time="2026-05-02T19:22:34.120373" level="INFO">POST Response : url=https://dummyjson.com/auth/login 
 status=200, reason=OK 
 headers={'Date': 'Sat, 02 May 2026 12:22:34 GMT', 'Content-Type': 'application/json; charset=utf-8', 'Transfer-Encoding': 'chunked', 'Connection': 'keep-alive', 'access-control-allow-credentials': 'true', 'etag': 'W/"3a2-gkPwRqubIFods7+fBeC0pX/Ue54"', 'Set-Cookie': 'accessToken=eyJhbGciOiJIUzI1NiIsInR5cCI6IkpXVCJ9.eyJpZCI6MSwidXNlcm5hbWUiOiJlbWlseXMiLCJlbWFpbCI6ImVtaWx5LmpvaG5zb25AeC5kdW1teWpzb24uY29tIiwiZmlyc3ROYW1lIjoiRW1pbHkiLCJsYXN0TmFtZSI6IkpvaG5zb24iLCJnZW5kZXIiOiJmZW1hbGUiLCJpbWFnZSI6Imh0dHBzOi8vZHVtbXlqc29uLmNvbS9pY29uL2VtaWx5cy8xMjgiLCJpYXQiOjE3Nzc3MjQ1NTQsImV4cCI6MTc3NzcyODE1NH0.19RAqfcYFCWgwAvU-Y43i_CO3ReiABxbxjM_E34pLrE; Max-Age=3600; Path=/; Expires=Sat, 02 May 2026 13:22:34 GMT; HttpOnly; Secure, refreshToken=eyJhbGciOiJIUzI1NiIsInR5cCI6IkpXVCJ9.eyJpZCI6MSwidXNlcm5hbWUiOiJlbWlseXMiLCJlbWFpbCI6ImVtaWx5LmpvaG5zb25AeC5kdW1teWpzb24uY29tIiwiZmlyc3ROYW1lIjoiRW1pbHkiLCJsYXN0TmFtZSI6IkpvaG5zb24iLCJnZW5kZXIiOiJmZW1hbGUiLCJpbWFnZSI6Imh0dHBzOi8vZHVtbXlqc29uLmNvbS9pY29uL2VtaWx5cy8xMjgiLCJpYXQiOjE3Nzc3MjQ1NTQsImV4cCI6MTc4MDMxNjU1NH0.InQIHGHdgcWO8qEvOvbzIVRcsNgyhslRiIxsUx9EQo0; Max-Age=3600; Path=/; Expires=Sat, 02 May 2026 13:22:34 GMT; HttpOnly; Secure', 'strict-transport-security': 'max-age=15552000; includeSubDomains', 'vary': 'Origin, Accept-Encoding', 'x-content-type-options': 'nosniff', 'x-dns-prefetch-control': 'off', 'x-download-options': 'noopen', 'x-frame-options': 'SAMEORIGIN', 'x-ratelimit-limit': '100', 'x-ratelimit-remaining': '99', 'x-ratelimit-reset': '1777724560', 'x-xss-protection': '1; mode=block', 'cf-cache-status': 'DYNAMIC', 'Nel': '{"report_to":"cf-nel","success_fraction":0.0,"max_age":604800}', 'Report-To': '{"group":"cf-nel","max_age":604800,"endpoints":[{"url":"https://a.nel.cloudflare.com/report/v4?s=TRU0pOu5c2X8d0az1jl1g2N2W2xqUeKKRHDxpvw3hVG23RpIW2s373JpQ%2BLqKiUfXjH7iIPys4GxjOHoHTTiEptExFDqusccX%2F2cOYY%2FebgC%2BSZq72tF%2FrM8RP4BAacLCnK5rSe9QQnzucKo"}]}', 'Content-Encoding': 'gzip', 'Server': 'cloudflare', 'CF-RAY': '9f56fdfe185bfdaa-SIN'} 
 body={"accessToken":"eyJhbGciOiJIUzI1NiIsInR5cCI6IkpXVCJ9.eyJpZCI6MSwidXNlcm5hbWUiOiJlbWlseXMiLCJlbWFpbCI6ImVtaWx5LmpvaG5zb25AeC5kdW1teWpzb24uY29tIiwiZmlyc3ROYW1lIjoiRW1pbHkiLCJsYXN0TmFtZSI6IkpvaG5zb24iLCJnZW5kZXIiOiJmZW1hbGUiLCJpbWFnZSI6Imh0dHBzOi8vZHVtbXlqc29uLmNvbS9pY29uL2VtaWx5cy8xMjgiLCJpYXQiOjE3Nzc3MjQ1NTQsImV4cCI6MTc3NzcyODE1NH0.19RAqfcYFCWgwAvU-Y43i_CO3ReiABxbxjM_E34pLrE","refreshToken":"eyJhbGciOiJIUzI1NiIsInR5cCI6IkpXVCJ9.eyJpZCI6MSwidXNlcm5hbWUiOiJlbWlseXMiLCJlbWFpbCI6ImVtaWx5LmpvaG5zb25AeC5kdW1teWpzb24uY29tIiwiZmlyc3ROYW1lIjoiRW1pbHkiLCJsYXN0TmFtZSI6IkpvaG5zb24iLCJnZW5kZXIiOiJmZW1hbGUiLCJpbWFnZSI6Imh0dHBzOi8vZHVtbXlqc29uLmNvbS9pY29uL2VtaWx5cy8xMjgiLCJpYXQiOjE3Nzc3MjQ1NTQsImV4cCI6MTc4MDMxNjU1NH0.InQIHGHdgcWO8qEvOvbzIVRcsNgyhslRiIxsUx9EQo0","id":1,"username":"emilys","email":"emily.johnson@x.dummyjson.com","firstName":"Emily","lastName":"Johnson","gender":"female","image":"https://dummyjson.com/icon/emilys/128"} 
 </msg>
<msg time="2026-05-02T19:22:34.120655" level="INFO">/Users/software_engineer/personal_project/sdet/transition_project/venv/lib/python3.13/site-packages/urllib3/connectionpool.py:1097: InsecureRequestWarning: Unverified HTTPS request is being made to host 'dummyjson.com'. Adding certificate verification is strongly advised. See: https://urllib3.readthedocs.io/en/latest/advanced-usage.html#tls-warnings
  warnings.warn(</msg>
<msg time="2026-05-02T19:22:34.120979" level="INFO">${login_response} = &lt;Response [200]&gt;</msg>
<var>${login_response}</var>
<arg>api</arg>
<arg>${AUTH_ENDPOINT}/login</arg>
<arg>json=${data}</arg>
<doc>Sends a POST request on a previously created HTTP Session.</doc>
<status status="PASS" start="2026-05-02T19:22:33.586771" elapsed="0.534250"/>
</kw>
<kw name="Set Variable" owner="BuiltIn">
<msg time="2026-05-02T19:22:34.123018" level="INFO">${token} = eyJhbGciOiJIUzI1NiIsInR5cCI6IkpXVCJ9.eyJpZCI6MSwidXNlcm5hbWUiOiJlbWlseXMiLCJlbWFpbCI6ImVtaWx5LmpvaG5zb25AeC5kdW1teWpzb24uY29tIiwiZmlyc3ROYW1lIjoiRW1pbHkiLCJsYXN0TmFtZSI6IkpvaG5zb24iLCJnZW5kZXIiOiJmZW1...</msg>
<var>${token}</var>
<arg>${login_response.json()}[accessToken]</arg>
<doc>Returns the given values which can then be assigned to a variables.</doc>
<status status="PASS" start="2026-05-02T19:22:34.121466" elapsed="0.001585"/>
</kw>
<kw name="Create Dictionary" owner="BuiltIn">
<msg time="2026-05-02T19:22:34.123704" level="INFO">${headers} = {'Authorization': 'eyJhbGciOiJIUzI1NiIsInR5cCI6IkpXVCJ9.eyJpZCI6MSwidXNlcm5hbWUiOiJlbWlseXMiLCJlbWFpbCI6ImVtaWx5LmpvaG5zb25AeC5kdW1teWpzb24uY29tIiwiZmlyc3ROYW1lIjoiRW1pbHkiLCJsYXN0TmFtZSI6IkpvaG5zb24i...</msg>
<var>${headers}</var>
<arg>Authorization=${token}</arg>
<doc>Creates and returns a dictionary based on the given ``items``.</doc>
<status status="PASS" start="2026-05-02T19:22:34.123240" elapsed="0.000496"/>
</kw>
<kw name="GET On Session" owner="RequestsLibrary">
<msg time="2026-05-02T19:22:34.505432" level="INFO">GET Request : url=https://dummyjson.com/auth/me 
 path_url=/auth/me 
 headers={'User-Agent': 'python-requests/2.33.1', 'Accept-Encoding': 'gzip, deflate', 'Accept': '*/*', 'Connection': 'keep-alive', 'Authorization': 'eyJhbGciOiJIUzI1NiIsInR5cCI6IkpXVCJ9.eyJpZCI6MSwidXNlcm5hbWUiOiJlbWlseXMiLCJlbWFpbCI6ImVtaWx5LmpvaG5zb25AeC5kdW1teWpzb24uY29tIiwiZmlyc3ROYW1lIjoiRW1pbHkiLCJsYXN0TmFtZSI6IkpvaG5zb24iLCJnZW5kZXIiOiJmZW1hbGUiLCJpbWFnZSI6Imh0dHBzOi8vZHVtbXlqc29uLmNvbS9pY29uL2VtaWx5cy8xMjgiLCJpYXQiOjE3Nzc3MjQ1NTQsImV4cCI6MTc3NzcyODE1NH0.19RAqfcYFCWgwAvU-Y43i_CO3ReiABxbxjM_E34pLrE', 'Cookie': 'accessToken=eyJhbGciOiJIUzI1NiIsInR5cCI6IkpXVCJ9.eyJpZCI6MSwidXNlcm5hbWUiOiJlbWlseXMiLCJlbWFpbCI6ImVtaWx5LmpvaG5zb25AeC5kdW1teWpzb24uY29tIiwiZmlyc3ROYW1lIjoiRW1pbHkiLCJsYXN0TmFtZSI6IkpvaG5zb24iLCJnZW5kZXIiOiJmZW1hbGUiLCJpbWFnZSI6Imh0dHBzOi8vZHVtbXlqc29uLmNvbS9pY29uL2VtaWx5cy8xMjgiLCJpYXQiOjE3Nzc3MjQ1NTQsImV4cCI6MTc3NzcyODE1NH0.19RAqfcYFCWgwAvU-Y43i_CO3ReiABxbxjM_E34pLrE; refreshToken=eyJhbGciOiJIUzI1NiIsInR5cCI6IkpXVCJ9.eyJpZCI6MSwidXNlcm5hbWUiOiJlbWlseXMiLCJlbWFpbCI6ImVtaWx5LmpvaG5zb25AeC5kdW1teWpzb24uY29tIiwiZmlyc3ROYW1lIjoiRW1pbHkiLCJsYXN0TmFtZSI6IkpvaG5zb24iLCJnZW5kZXIiOiJmZW1hbGUiLCJpbWFnZSI6Imh0dHBzOi8vZHVtbXlqc29uLmNvbS9pY29uL2VtaWx5cy8xMjgiLCJpYXQiOjE3Nzc3MjQ1NTQsImV4cCI6MTc4MDMxNjU1NH0.InQIHGHdgcWO8qEvOvbzIVRcsNgyhslRiIxsUx9EQo0'} 
 body=None 
 </msg>
<msg time="2026-05-02T19:22:34.505808" level="INFO">GET Response : url=https://dummyjson.com/auth/me 
 status=200, reason=OK 
 headers={'Date': 'Sat, 02 May 2026 12:22:34 GMT', 'Content-Type': 'application/json; charset=utf-8', 'Transfer-Encoding': 'chunked', 'Connection': 'keep-alive', 'access-control-allow-credentials': 'true', 'Report-To': '{"group":"cf-nel","max_age":604800,"endpoints":[{"url":"https://a.nel.cloudflare.com/report/v4?s=Ge9KrOx1ab9BAhKVMQCOMHxZ%2F3Du6MsrZPKA46XgXuk0Y2ynNq1S1i9MYal3sSDsiZH1WhTZS8ODINEslZvCLkywc8yoFLPHKUmzuiXtZ4%2FMoYk8rDnR35XORjCU0d4jMuo1ZNafG%2FhIlXAb"}]}', 'etag': 'W/"58f-CoL/KoXlW3x1PtqQr3wqPsXj6DE"', 'strict-transport-security': 'max-age=15552000; includeSubDomains', 'vary': 'Origin, Accept-Encoding', 'x-content-type-options': 'nosniff', 'x-dns-prefetch-control': 'off', 'x-download-options': 'noopen', 'x-frame-options': 'SAMEORIGIN', 'x-ratelimit-limit': '100', 'x-ratelimit-remaining': '96', 'x-ratelimit-reset': '1777724560', 'x-xss-protection': '1; mode=block', 'cf-cache-status': 'DYNAMIC', 'Nel': '{"report_to":"cf-nel","success_fraction":0.0,"max_age":604800}', 'Content-Encoding': 'gzip', 'Server': 'cloudflare', 'CF-RAY': '9f56fe00cf2dfdaa-SIN'} 
 body={"id":1,"firstName":"Emily","lastName":"Johnson","maidenName":"Smith","age":29,"gender":"female","email":"emily.johnson@x.dummyjson.com","phone":"+81 965-431-3024","username":"emilys","password":"emilyspass","birthDate":"1996-5-30","image":"https://dummyjson.com/icon/emilys/128","bloodGroup":"O-","height":193.24,"weight":63.16,"eyeColor":"Green","hair":{"color":"Brown","type":"Curly"},"ip":"42.48.100.32","address":{"address":"626 Main Street","city":"Phoenix","state":"Mississippi","stateCode":"MS","postalCode":"29112","coordinates":{"lat":-77.16213,"lng":-92.084824},"country":"United States"},"macAddress":"47:fa:41:18:ec:eb","university":"University of Wisconsin--Madison","bank":{"cardExpire":"05/28","cardNumber":"3693233511855044","cardType":"Diners Club International","currency":"GBP","iban":"GB74MH2UZLR9TRPHYNU8F8"},"company":{"department":"Engineering","name":"Dooley, Kozey and Cronin","title":"Sales Manager","address":{"address":"263 Tenth Street","city":"San Francisco","state":"Wisconsin","stateCode":"WI","postalCode":"37657","coordinates":{"lat":71.814525,"lng":-161.150263},"country":"United States"}},"ein":"977-175","ssn":"900-590-289","userAgent":"Mozilla/5.0 (Macintosh; Intel Mac OS X 10_15_7) AppleWebKit/537.36 (KHTML, like Gecko) Chrome/96.0.4664.93 Safari/537.36","crypto":{"coin":"Bitcoin","wallet":"0xb9fc2fe63b2a6c003f1c324c3bfa53259162181a","network":"Ethereum (ERC20)"},"role":"admin"} 
 </msg>
<msg time="2026-05-02T19:22:34.506306" level="INFO">/Users/software_engineer/personal_project/sdet/transition_project/venv/lib/python3.13/site-packages/urllib3/connectionpool.py:1097: InsecureRequestWarning: Unverified HTTPS request is being made to host 'dummyjson.com'. Adding certificate verification is strongly advised. See: https://urllib3.readthedocs.io/en/latest/advanced-usage.html#tls-warnings
  warnings.warn(</msg>
<msg time="2026-05-02T19:22:34.506748" level="INFO">${response} = &lt;Response [200]&gt;</msg>
<var>${response}</var>
<arg>api</arg>
<arg>${AUTH_ENDPOINT}/me</arg>
<arg>headers=${headers}</arg>
<doc>Sends a GET request on a previously created HTTP Session.</doc>
<status status="PASS" start="2026-05-02T19:22:34.123881" elapsed="0.382965"/>
</kw>
<kw name="Verify Status Code" owner="common">
<kw name="Should Be Equal As Integers" owner="BuiltIn">
<msg time="2026-05-02T19:22:34.509939" level="INFO">Argument types are:
&lt;class 'int'&gt;
&lt;class 'str'&gt;</msg>
<arg>${response.status_code}</arg>
<arg>${expected_status}</arg>
<doc>Fails if objects are unequal after converting them to integers.</doc>
<status status="PASS" start="2026-05-02T19:22:34.508394" elapsed="0.001658"/>
</kw>
<arg>${response}</arg>
<arg>200</arg>
<status status="PASS" start="2026-05-02T19:22:34.507582" elapsed="0.002571"/>
</kw>
<status status="PASS" start="2026-05-02T19:22:33.584800" elapsed="0.925634"/>
</test>
<test id="s1-s1-s1-t3" name="RC003 - Refresh Token" line="22">
<kw name="Create Session for API" owner="common">
<kw name="Create Session" owner="RequestsLibrary">
<msg time="2026-05-02T19:22:34.512798" level="INFO">Creating Session using : alias=api, url=https://dummyjson.com, headers={},                     cookies={}, auth=None, timeout=10, proxies=None, verify=False,                     debug=0 </msg>
<arg>api</arg>
<arg>${BASE_URL}</arg>
<arg>timeout=${API_TIMEOUT}</arg>
<doc>Create Session: create a HTTP session to a server</doc>
<status status="PASS" start="2026-05-02T19:22:34.512365" elapsed="0.000705"/>
</kw>
<status status="PASS" start="2026-05-02T19:22:34.511753" elapsed="0.001524"/>
</kw>
<kw name="Create Dictionary" owner="BuiltIn">
<msg time="2026-05-02T19:22:34.514100" level="INFO">${data} = {'username': 'emilys', 'password': 'emilyspass'}</msg>
<var>${data}</var>
<arg>username=emilys</arg>
<arg>password=emilyspass</arg>
<doc>Creates and returns a dictionary based on the given ``items``.</doc>
<status status="PASS" start="2026-05-02T19:22:34.513559" elapsed="0.000587"/>
</kw>
<kw name="POST On Session" owner="RequestsLibrary">
<msg time="2026-05-02T19:22:34.988172" level="INFO">POST Request : url=https://dummyjson.com/auth/login 
 path_url=/auth/login 
 headers={'User-Agent': 'python-requests/2.33.1', 'Accept-Encoding': 'gzip, deflate', 'Accept': '*/*', 'Connection': 'keep-alive', 'Content-Length': '48', 'Content-Type': 'application/json'} 
 body=b'{"username": "emilys", "password": "emilyspass"}' 
 </msg>
<msg time="2026-05-02T19:22:34.988521" level="INFO">POST Response : url=https://dummyjson.com/auth/login 
 status=200, reason=OK 
 headers={'Date': 'Sat, 02 May 2026 12:22:35 GMT', 'Content-Type': 'application/json; charset=utf-8', 'Transfer-Encoding': 'chunked', 'Connection': 'keep-alive', 'access-control-allow-credentials': 'true', 'etag': 'W/"3a2-NmonU31xYA8QtabfadzLYKHaTzk"', 'Set-Cookie': 'accessToken=eyJhbGciOiJIUzI1NiIsInR5cCI6IkpXVCJ9.eyJpZCI6MSwidXNlcm5hbWUiOiJlbWlseXMiLCJlbWFpbCI6ImVtaWx5LmpvaG5zb25AeC5kdW1teWpzb24uY29tIiwiZmlyc3ROYW1lIjoiRW1pbHkiLCJsYXN0TmFtZSI6IkpvaG5zb24iLCJnZW5kZXIiOiJmZW1hbGUiLCJpbWFnZSI6Imh0dHBzOi8vZHVtbXlqc29uLmNvbS9pY29uL2VtaWx5cy8xMjgiLCJpYXQiOjE3Nzc3MjQ1NTUsImV4cCI6MTc3NzcyODE1NX0.FFfYOHDkbsy2qGYRO5BI02WuWoJi1e5HOLUNbjURzm8; Max-Age=3600; Path=/; Expires=Sat, 02 May 2026 13:22:35 GMT; HttpOnly; Secure, refreshToken=eyJhbGciOiJIUzI1NiIsInR5cCI6IkpXVCJ9.eyJpZCI6MSwidXNlcm5hbWUiOiJlbWlseXMiLCJlbWFpbCI6ImVtaWx5LmpvaG5zb25AeC5kdW1teWpzb24uY29tIiwiZmlyc3ROYW1lIjoiRW1pbHkiLCJsYXN0TmFtZSI6IkpvaG5zb24iLCJnZW5kZXIiOiJmZW1hbGUiLCJpbWFnZSI6Imh0dHBzOi8vZHVtbXlqc29uLmNvbS9pY29uL2VtaWx5cy8xMjgiLCJpYXQiOjE3Nzc3MjQ1NTUsImV4cCI6MTc4MDMxNjU1NX0.xcH44TW4x9go0YFVUc0RHKFFwVh6pw7QTa1wS4TvfK8; Max-Age=3600; Path=/; Expires=Sat, 02 May 2026 13:22:35 GMT; HttpOnly; Secure', 'strict-transport-security': 'max-age=15552000; includeSubDomains', 'vary': 'Origin, Accept-Encoding', 'x-content-type-options': 'nosniff', 'x-dns-prefetch-control': 'off', 'x-download-options': 'noopen', 'x-frame-options': 'SAMEORIGIN', 'x-ratelimit-limit': '100', 'x-ratelimit-remaining': '97', 'x-ratelimit-reset': '1777724560', 'x-xss-protection': '1; mode=block', 'cf-cache-status': 'DYNAMIC', 'Nel': '{"report_to":"cf-nel","success_fraction":0.0,"max_age":604800}', 'Report-To': '{"group":"cf-nel","max_age":604800,"endpoints":[{"url":"https://a.nel.cloudflare.com/report/v4?s=csCSYLrbcaoQd5W43mMJChNArXkH7%2FjwcunAL6gdiGx1Kq6SLUmUymmH2MuBEYYrpOEKUj39n18rBc%2BR3HDVWK5EwwSedkqSCn31DsoswX8VcWPsVqz%2FUXoh6PvlMZXSGICCWO0hJ7QWpzoX"}]}', 'Content-Encoding': 'gzip', 'Server': 'cloudflare', 'CF-RAY': '9f56fe04196f9cb1-SIN'} 
 body={"accessToken":"eyJhbGciOiJIUzI1NiIsInR5cCI6IkpXVCJ9.eyJpZCI6MSwidXNlcm5hbWUiOiJlbWlseXMiLCJlbWFpbCI6ImVtaWx5LmpvaG5zb25AeC5kdW1teWpzb24uY29tIiwiZmlyc3ROYW1lIjoiRW1pbHkiLCJsYXN0TmFtZSI6IkpvaG5zb24iLCJnZW5kZXIiOiJmZW1hbGUiLCJpbWFnZSI6Imh0dHBzOi8vZHVtbXlqc29uLmNvbS9pY29uL2VtaWx5cy8xMjgiLCJpYXQiOjE3Nzc3MjQ1NTUsImV4cCI6MTc3NzcyODE1NX0.FFfYOHDkbsy2qGYRO5BI02WuWoJi1e5HOLUNbjURzm8","refreshToken":"eyJhbGciOiJIUzI1NiIsInR5cCI6IkpXVCJ9.eyJpZCI6MSwidXNlcm5hbWUiOiJlbWlseXMiLCJlbWFpbCI6ImVtaWx5LmpvaG5zb25AeC5kdW1teWpzb24uY29tIiwiZmlyc3ROYW1lIjoiRW1pbHkiLCJsYXN0TmFtZSI6IkpvaG5zb24iLCJnZW5kZXIiOiJmZW1hbGUiLCJpbWFnZSI6Imh0dHBzOi8vZHVtbXlqc29uLmNvbS9pY29uL2VtaWx5cy8xMjgiLCJpYXQiOjE3Nzc3MjQ1NTUsImV4cCI6MTc4MDMxNjU1NX0.xcH44TW4x9go0YFVUc0RHKFFwVh6pw7QTa1wS4TvfK8","id":1,"username":"emilys","email":"emily.johnson@x.dummyjson.com","firstName":"Emily","lastName":"Johnson","gender":"female","image":"https://dummyjson.com/icon/emilys/128"} 
 </msg>
<msg time="2026-05-02T19:22:34.988734" level="INFO">/Users/software_engineer/personal_project/sdet/transition_project/venv/lib/python3.13/site-packages/urllib3/connectionpool.py:1097: InsecureRequestWarning: Unverified HTTPS request is being made to host 'dummyjson.com'. Adding certificate verification is strongly advised. See: https://urllib3.readthedocs.io/en/latest/advanced-usage.html#tls-warnings
  warnings.warn(</msg>
<msg time="2026-05-02T19:22:34.989053" level="INFO">${login_response} = &lt;Response [200]&gt;</msg>
<var>${login_response}</var>
<arg>api</arg>
<arg>${AUTH_ENDPOINT}/login</arg>
<arg>json=${data}</arg>
<doc>Sends a POST request on a previously created HTTP Session.</doc>
<status status="PASS" start="2026-05-02T19:22:34.514407" elapsed="0.474702"/>
</kw>
<kw name="Set Variable" owner="BuiltIn">
<msg time="2026-05-02T19:22:34.991409" level="INFO">${refresh_token} = eyJhbGciOiJIUzI1NiIsInR5cCI6IkpXVCJ9.eyJpZCI6MSwidXNlcm5hbWUiOiJlbWlseXMiLCJlbWFpbCI6ImVtaWx5LmpvaG5zb25AeC5kdW1teWpzb24uY29tIiwiZmlyc3ROYW1lIjoiRW1pbHkiLCJsYXN0TmFtZSI6IkpvaG5zb24iLCJnZW5kZXIiOiJmZW1...</msg>
<var>${refresh_token}</var>
<arg>${login_response.json()}[refreshToken]</arg>
<doc>Returns the given values which can then be assigned to a variables.</doc>
<status status="PASS" start="2026-05-02T19:22:34.989667" elapsed="0.001789"/>
</kw>
<kw name="Create Dictionary" owner="BuiltIn">
<msg time="2026-05-02T19:22:34.992271" level="INFO">${data2} = {'refreshToken': 'eyJhbGciOiJIUzI1NiIsInR5cCI6IkpXVCJ9.eyJpZCI6MSwidXNlcm5hbWUiOiJlbWlseXMiLCJlbWFpbCI6ImVtaWx5LmpvaG5zb25AeC5kdW1teWpzb24uY29tIiwiZmlyc3ROYW1lIjoiRW1pbHkiLCJsYXN0TmFtZSI6IkpvaG5zb24iL...</msg>
<var>${data2}</var>
<arg>refreshToken=${refresh_token}</arg>
<doc>Creates and returns a dictionary based on the given ``items``.</doc>
<status status="PASS" start="2026-05-02T19:22:34.991684" elapsed="0.000626"/>
</kw>
<kw name="POST On Session" owner="RequestsLibrary">
<msg time="2026-05-02T19:22:35.429062" level="INFO">POST Request : url=https://dummyjson.com/auth/refresh 
 path_url=/auth/refresh 
 headers={'User-Agent': 'python-requests/2.33.1', 'Accept-Encoding': 'gzip, deflate', 'Accept': '*/*', 'Connection': 'keep-alive', 'Cookie': 'accessToken=eyJhbGciOiJIUzI1NiIsInR5cCI6IkpXVCJ9.eyJpZCI6MSwidXNlcm5hbWUiOiJlbWlseXMiLCJlbWFpbCI6ImVtaWx5LmpvaG5zb25AeC5kdW1teWpzb24uY29tIiwiZmlyc3ROYW1lIjoiRW1pbHkiLCJsYXN0TmFtZSI6IkpvaG5zb24iLCJnZW5kZXIiOiJmZW1hbGUiLCJpbWFnZSI6Imh0dHBzOi8vZHVtbXlqc29uLmNvbS9pY29uL2VtaWx5cy8xMjgiLCJpYXQiOjE3Nzc3MjQ1NTUsImV4cCI6MTc3NzcyODE1NX0.FFfYOHDkbsy2qGYRO5BI02WuWoJi1e5HOLUNbjURzm8; refreshToken=eyJhbGciOiJIUzI1NiIsInR5cCI6IkpXVCJ9.eyJpZCI6MSwidXNlcm5hbWUiOiJlbWlseXMiLCJlbWFpbCI6ImVtaWx5LmpvaG5zb25AeC5kdW1teWpzb24uY29tIiwiZmlyc3ROYW1lIjoiRW1pbHkiLCJsYXN0TmFtZSI6IkpvaG5zb24iLCJnZW5kZXIiOiJmZW1hbGUiLCJpbWFnZSI6Imh0dHBzOi8vZHVtbXlqc29uLmNvbS9pY29uL2VtaWx5cy8xMjgiLCJpYXQiOjE3Nzc3MjQ1NTUsImV4cCI6MTc4MDMxNjU1NX0.xcH44TW4x9go0YFVUc0RHKFFwVh6pw7QTa1wS4TvfK8', 'Content-Length': '380', 'Content-Type': 'application/json'} 
 body=b'{"refreshToken": "eyJhbGciOiJIUzI1NiIsInR5cCI6IkpXVCJ9.eyJpZCI6MSwidXNlcm5hbWUiOiJlbWlseXMiLCJlbWFpbCI6ImVtaWx5LmpvaG5zb25AeC5kdW1teWpzb24uY29tIiwiZmlyc3ROYW1lIjoiRW1pbHkiLCJsYXN0TmFtZSI6IkpvaG5zb24iLCJnZW5kZXIiOiJmZW1hbGUiLCJpbWFnZSI6Imh0dHBzOi8vZHVtbXlqc29uLmNvbS9pY29uL2VtaWx5cy8xMjgiLCJpYXQiOjE3Nzc3MjQ1NTUsImV4cCI6MTc4MDMxNjU1NX0.xcH44TW4x9go0YFVUc0RHKFFwVh6pw7QTa1wS4TvfK8"}' 
 </msg>
<msg time="2026-05-02T19:22:35.429687" level="INFO">POST Response : url=https://dummyjson.com/auth/refresh 
 status=200, reason=OK 
 headers={'Date': 'Sat, 02 May 2026 12:22:35 GMT', 'Content-Type': 'application/json; charset=utf-8', 'Transfer-Encoding': 'chunked', 'Connection': 'keep-alive', 'access-control-allow-credentials': 'true', 'etag': 'W/"2f4-bPZs7EWalJmm1TziS9JTkdHQBS4"', 'Set-Cookie': 'accessToken=eyJhbGciOiJIUzI1NiIsInR5cCI6IkpXVCJ9.eyJpZCI6MSwidXNlcm5hbWUiOiJlbWlseXMiLCJlbWFpbCI6ImVtaWx5LmpvaG5zb25AeC5kdW1teWpzb24uY29tIiwiZmlyc3ROYW1lIjoiRW1pbHkiLCJsYXN0TmFtZSI6IkpvaG5zb24iLCJnZW5kZXIiOiJmZW1hbGUiLCJpbWFnZSI6Imh0dHBzOi8vZHVtbXlqc29uLmNvbS9pY29uL2VtaWx5cy8xMjgiLCJpYXQiOjE3Nzc3MjQ1NTUsImV4cCI6MTc3NzcyODE1NX0.FFfYOHDkbsy2qGYRO5BI02WuWoJi1e5HOLUNbjURzm8; Max-Age=3600; Path=/; Expires=Sat, 02 May 2026 13:22:35 GMT; HttpOnly; Secure, refreshToken=eyJhbGciOiJIUzI1NiIsInR5cCI6IkpXVCJ9.eyJpZCI6MSwidXNlcm5hbWUiOiJlbWlseXMiLCJlbWFpbCI6ImVtaWx5LmpvaG5zb25AeC5kdW1teWpzb24uY29tIiwiZmlyc3ROYW1lIjoiRW1pbHkiLCJsYXN0TmFtZSI6IkpvaG5zb24iLCJnZW5kZXIiOiJmZW1hbGUiLCJpbWFnZSI6Imh0dHBzOi8vZHVtbXlqc29uLmNvbS9pY29uL2VtaWx5cy8xMjgiLCJpYXQiOjE3Nzc3MjQ1NTUsImV4cCI6MTc4MDMxNjU1NX0.xcH44TW4x9go0YFVUc0RHKFFwVh6pw7QTa1wS4TvfK8; Max-Age=3600; Path=/; Expires=Sat, 02 May 2026 13:22:35 GMT; HttpOnly; Secure', 'strict-transport-security': 'max-age=15552000; includeSubDomains', 'vary': 'Origin, Accept-Encoding', 'x-content-type-options': 'nosniff', 'x-dns-prefetch-control': 'off', 'x-download-options': 'noopen', 'x-frame-options': 'SAMEORIGIN', 'x-ratelimit-limit': '100', 'x-ratelimit-remaining': '96', 'x-ratelimit-reset': '1777724560', 'x-xss-protection': '1; mode=block', 'cf-cache-status': 'DYNAMIC', 'Nel': '{"report_to":"cf-nel","success_fraction":0.0,"max_age":604800}', 'Report-To': '{"group":"cf-nel","max_age":604800,"endpoints":[{"url":"https://a.nel.cloudflare.com/report/v4?s=io0WtB05XYmZPhXdHY6Eo2EJ9iyzBzSw7Hyh607HCohTfSrtHZ7R5r78wLWXW7m%2FvqFdUt0NFcNtsv5BamxlUkDKII9kFC42%2BKbDkUsGTPaSuDWI9GWeAWqNBn8jlfwcOXbfsYFCUAWFcIAw"}]}', 'Content-Encoding': 'gzip', 'Server': 'cloudflare', 'CF-RAY': '9f56fe063b999cb1-SIN'} 
 body={"accessToken":"eyJhbGciOiJIUzI1NiIsInR5cCI6IkpXVCJ9.eyJpZCI6MSwidXNlcm5hbWUiOiJlbWlseXMiLCJlbWFpbCI6ImVtaWx5LmpvaG5zb25AeC5kdW1teWpzb24uY29tIiwiZmlyc3ROYW1lIjoiRW1pbHkiLCJsYXN0TmFtZSI6IkpvaG5zb24iLCJnZW5kZXIiOiJmZW1hbGUiLCJpbWFnZSI6Imh0dHBzOi8vZHVtbXlqc29uLmNvbS9pY29uL2VtaWx5cy8xMjgiLCJpYXQiOjE3Nzc3MjQ1NTUsImV4cCI6MTc3NzcyODE1NX0.FFfYOHDkbsy2qGYRO5BI02WuWoJi1e5HOLUNbjURzm8","refreshToken":"eyJhbGciOiJIUzI1NiIsInR5cCI6IkpXVCJ9.eyJpZCI6MSwidXNlcm5hbWUiOiJlbWlseXMiLCJlbWFpbCI6ImVtaWx5LmpvaG5zb25AeC5kdW1teWpzb24uY29tIiwiZmlyc3ROYW1lIjoiRW1pbHkiLCJsYXN0TmFtZSI6IkpvaG5zb24iLCJnZW5kZXIiOiJmZW1hbGUiLCJpbWFnZSI6Imh0dHBzOi8vZHVtbXlqc29uLmNvbS9pY29uL2VtaWx5cy8xMjgiLCJpYXQiOjE3Nzc3MjQ1NTUsImV4cCI6MTc4MDMxNjU1NX0.xcH44TW4x9go0YFVUc0RHKFFwVh6pw7QTa1wS4TvfK8"} 
 </msg>
<msg time="2026-05-02T19:22:35.429953" level="INFO">/Users/software_engineer/personal_project/sdet/transition_project/venv/lib/python3.13/site-packages/urllib3/connectionpool.py:1097: InsecureRequestWarning: Unverified HTTPS request is being made to host 'dummyjson.com'. Adding certificate verification is strongly advised. See: https://urllib3.readthedocs.io/en/latest/advanced-usage.html#tls-warnings
  warnings.warn(</msg>
<msg time="2026-05-02T19:22:35.430339" level="INFO">${response} = &lt;Response [200]&gt;</msg>
<var>${response}</var>
<arg>api</arg>
<arg>${AUTH_ENDPOINT}/refresh</arg>
<arg>json=${data2}</arg>
<doc>Sends a POST request on a previously created HTTP Session.</doc>
<status status="PASS" start="2026-05-02T19:22:34.992491" elapsed="0.437901"/>
</kw>
<kw name="Verify Status Code" owner="common">
<kw name="Should Be Equal As Integers" owner="BuiltIn">
<msg time="2026-05-02T19:22:35.433380" level="INFO">Argument types are:
&lt;class 'int'&gt;
&lt;class 'str'&gt;</msg>
<arg>${response.status_code}</arg>
<arg>${expected_status}</arg>
<doc>Fails if objects are unequal after converting them to integers.</doc>
<status status="PASS" start="2026-05-02T19:22:35.431968" elapsed="0.001544"/>
</kw>
<arg>${response}</arg>
<arg>200</arg>
<status status="PASS" start="2026-05-02T19:22:35.431085" elapsed="0.002559"/>
</kw>
<status status="PASS" start="2026-05-02T19:22:34.510797" elapsed="0.923120"/>
</test>
<status status="PASS" start="2026-05-02T19:22:32.781089" elapsed="2.653608"/>
</suite>
<status status="PASS" start="2026-05-02T19:22:32.780672" elapsed="2.655035"/>
</suite>
<suite id="s1-s2" name="Carts" source="/Users/software_engineer/personal_project/sdet/transition_project/week_01/robot-framework-api-tests/tests/carts">
<suite id="s1-s2-s1" name="Carts Crud" source="/Users/software_engineer/personal_project/sdet/transition_project/week_01/robot-framework-api-tests/tests/carts/carts_crud.robot">
<test id="s1-s2-s1-t1" name="TC001 - Get All Carts" line="6">
<kw name="Create Session for API" owner="common">
<kw name="Create Session" owner="RequestsLibrary">
<msg time="2026-05-02T19:22:35.441537" level="INFO">Creating Session using : alias=api, url=https://dummyjson.com, headers={},                     cookies={}, auth=None, timeout=10, proxies=None, verify=False,                     debug=0 </msg>
<arg>api</arg>
<arg>${BASE_URL}</arg>
<arg>timeout=${API_TIMEOUT}</arg>
<doc>Create Session: create a HTTP session to a server</doc>
<status status="PASS" start="2026-05-02T19:22:35.441236" elapsed="0.000497"/>
</kw>
<status status="PASS" start="2026-05-02T19:22:35.440919" elapsed="0.000911"/>
</kw>
<kw name="GET On Session" owner="RequestsLibrary">
<msg time="2026-05-02T19:22:36.010756" level="INFO">GET Request : url=https://dummyjson.com/carts 
 path_url=/carts 
 headers={'User-Agent': 'python-requests/2.33.1', 'Accept-Encoding': 'gzip, deflate', 'Accept': '*/*', 'Connection': 'keep-alive'} 
 body=None 
 </msg>
<msg time="2026-05-02T19:22:36.011088" level="INFO">GET Response : url=https://dummyjson.com/carts 
 status=200, reason=OK 
 headers={'Date': 'Sat, 02 May 2026 12:22:36 GMT', 'Content-Type': 'application/json; charset=utf-8', 'Transfer-Encoding': 'chunked', 'Connection': 'keep-alive', 'access-control-allow-credentials': 'true', 'Report-To': '{"group":"cf-nel","max_age":604800,"endpoints":[{"url":"https://a.nel.cloudflare.com/report/v4?s=KY8ItMuieFyDIY%2Bb7jqchN4AnotlZY3ASzYTlsncGOJLMGJ8oTV8b%2BEXxUAfjScO2JOKoGSWxgbVjPFvDm5sufZaG%2BqrlJzVuCSCgnRfUbx0l6u%2F%2Fho7UFvArz8Lf3Ajz%2FqimrRBmVN08rJs"}]}', 'etag': 'W/"756e-ZYPpwNNf/0Wbzqasjc87kaVLi4c"', 'strict-transport-security': 'max-age=15552000; includeSubDomains', 'vary': 'Origin, Accept-Encoding', 'x-content-type-options': 'nosniff', 'x-dns-prefetch-control': 'off', 'x-download-options': 'noopen', 'x-frame-options': 'SAMEORIGIN', 'x-ratelimit-limit': '100', 'x-ratelimit-remaining': '96', 'x-ratelimit-reset': '1777724560', 'x-xss-protection': '1; mode=block', 'cf-cache-status': 'DYNAMIC', 'Nel': '{"report_to":"cf-nel","success_fraction":0.0,"max_age":604800}', 'Content-Encoding': 'gzip', 'Server': 'cloudflare', 'CF-RAY': '9f56fe09f8b7fd04-SIN'} 
 body={"carts":[{"id":1,"products":[{"id":162,"title":"Blue Frock","price":29.99,"quantity":4,"total":119.96,"discountPercentage":12.13,"discountedTotal":105.41,"thumbnail":"https://cdn.dummyjson.com/product-images/tops/blue-frock/thumbnail.webp"},{"id":113,"title":"Generic Motorcycle","price":3999.99,"quantity":3,"total":11999.97,"discountPercentage":12.1,"discountedTotal":10547.97,"thumbnail":"https://cdn.dummyjson.com/product-images/motorcycle/generic-motorcycle/thumbnail.webp"},{"id":122,"title":"iPhone 6","price":299.99,"quantity":3,"total":899.97,"discountPercentage":6.69,"discountedTotal":839.76,"thumbnail":"https://cdn.dummyjson.com/product-images/smartphones/iphone-6/thumbnail.webp"},{"id":138,"title":"Baseball Ball","price":8.99,"quantity":2,"total":17.98,"discountPercentage":1.71,"discountedTotal":17.67,"thumbnail":"https://cdn.dummyjson.com/product-images/sports-accessories/baseball-ball/thumbnail.webp"}],"total":13037.88,"discountedTotal":11510.81,"userId":1,"totalProducts":4,"totalQuantity":12},{"id":2,"products":[{"id":86,"title":"Man Short Sleeve Shirt","price":19.99,"quantity":5,"total":99.94999999999999,"discountPercentage":6.83,"discountedTotal":93.12,"thumbnail":"https://cdn.dummyjson.com/product-images/mens-shirts/man-short-sleeve-shirt/thumbnail.webp"},{"id":104,"title":"Apple iPhone Charger","price":19.99,"quantity":2,"total":39.98,"discountPercentage":18.52,"discountedTotal":32.58,"thumbnail":"https://cdn.dummyjson.com/product-images/mobile-accessories/apple-iphone-charger/thumbnail.webp"}],"total":139.93,"discountedTotal":125.7,"userId":2,"totalProducts":2,"totalQuantity":7},{"id":3,"products":[{"id":24,"title":"Fish Steak","price":14.99,"quantity":1,"total":14.99,"discountPercentage":4.23,"discountedTotal":14.36,"thumbnail":"https://cdn.dummyjson.com/product-images/groceries/fish-steak/thumbnail.webp"},{"id":123,"title":"iPhone 13 Pro","price":1099.99,"quantity":1,"total":1099.99,"discountPercentage":9.37,"discountedTotal":996.92,"thumbnail":"https://cdn.dummyjson.com/product-images/smartphones/iphone-13-pro/thumbnail.webp"},{"id":129,"title":"Realme X","price":299.99,"quantity":1,"total":299.99,"discountPercentage":6.95,"discountedTotal":279.14,"thumbnail":"https://cdn.dummyjson.com/product-images/smartphones/realme-x/thumbnail.webp"},{"id":86,"title":"Man Short Sleeve Shirt","price":19.99,"quantity":5,"total":99.94999999999999,"discountPercentage":6.83,"discountedTotal":93.12,"thumbnail":"https://cdn.dummyjson.com/product-images/mens-shirts/man-short-sleeve-shirt/thumbnail.webp"},{"id":8,"title":"Dior J'adore","price":89.99,"quantity":2,"total":179.98,"discountPercentage":14.72,"discountedTotal":153.49,"thumbnail":"https://cdn.dummyjson.com/product-images/fragrances/dior-j'adore/thumbnail.webp"},{"id":157,"title":"Party Glasses","price":19.99,"quantity":5,"total":99.94999999999999,"discountPercentage":11.22,"discountedTotal":88.74,"thumbnail":"https://cdn.dummyjson.com/product-images/sunglasses/party-glasses/thumbnail.webp"}],"total":1794.85,"discountedTotal":1625.77,"userId":3,"totalProducts":6,"totalQuantity":15},{"id":4,"products":[{"id":92,"title":"Sports Sneakers Off White Red","price":109.99,"quantity":3,"total":329.96999999999997,"discountPercentage":0.04,"discountedTotal":329.84,"thumbnail":"https://cdn.dummyjson.com/product-images/mens-shoes/sports-sneakers-off-white-red/thumbnail.webp"},{"id":8,"title":"Dior J'adore","price":89.99,"quantity":4,"total":359.96,"discountPercentage":14.72,"discountedTotal":306.97,"thumbnail":"https://cdn.dummyjson.com/product-images/fragrances/dior-j'adore/thumbnail.webp"}],"total":689.93,"discountedTotal":636.81,"userId":4,"totalProducts":2,"totalQuantity":7},{"id":5,"products":[{"id":161,"title":"Samsung Galaxy Tab White","price":349.99,"quantity":4,"total":1399.96,"discountPercentage":18.2,"discountedTotal":1145.17,"thumbnail":"https://cdn.dummyjson.com/product-images/tablets/samsung-galaxy-tab-white/thumbnail.webp"},{"id":39,"title":"Soft Drinks","price":1.99,"quantity":4,"total":7.96,"discountPercentage":17.48,"discountedTotal":6.57,"thumbnail":"https://cdn.dummyjson.com/product-images/groceries/soft-drinks/thumbnail.webp"},{"id":3,"title":"Powder Canister","price":14.99,"quantity":4,"total":59.96,"discountPercentage":9.84,"discountedTotal":54.06,"thumbnail":"https://cdn.dummyjson.com/product-images/beauty/powder-canister/thumbnail.webp"}],"total":1467.88,"discountedTotal":1205.8,"userId":5,"totalProducts":3,"totalQuantity":12},{"id":6,"products":[{"id":192,"title":"Rolex Datejust Women","price":10999.99,"quantity":5,"total":54999.95,"discountPercentage":15.94,"discountedTotal":46232.96,"thumbnail":"https://cdn.dummyjson.com/product-images/womens-watches/rolex-datejust-women/thumbnail.webp"},{"id":130,"title":"Realme XT","price":349.99,"quantity":1,"total":349.99,"discountPercentage":11.51,"discountedTotal":309.71,"thumbnail":"https://cdn.dummyjson.com/product-images/smartphones/realme-xt/thumbnail.webp"},{"id":155,"title":"Classic Sun Glasses","price":24.99,"quantity":4,"total":99.96,"discountPercentage":4.94,"discountedTotal":95.02,"thumbnail":"https://cdn.dummyjson.com/product-images/sunglasses/classic-sun-glasses/thumbnail.webp"},{"id":42,"title":"Water","price":0.99,"quantity":4,"total":3.96,"discountPercentage":14.92,"discountedTotal":3.37,"thumbnail":"https://cdn.dummyjson.com/product-images/groceries/water/thumbnail.webp"}],"total":55453.86,"discountedTotal":46641.06,"userId":6,"totalProducts":4,"totalQuantity":14},{"id":7,"products":[{"id":56,"title":"Electric Stove","price":49.99,"quantity":1,"total":49.99,"discountPercentage":14.04,"discountedTotal":42.97,"thumbnail":"https://cdn.dummyjson.com/product-images/kitchen-accessories/electric-stove/thumbnail.webp"},{"id":136,"title":"Vivo X21","price":499.99,"quantity":1,"total":499.99,"discountPercentage":17.41,"discountedTotal":412.94,"thumbnail":"https://cdn.dummyjson.com/product-images/smartphones/vivo-x21/thumbnail.webp"},{"id":9,"title":"Dolce Shine Eau de","price":69.99,"quantity":2,"total":139.98,"discountPercentage":0.62,"discountedTotal":139.11,"thumbnail":"https://cdn.dummyjson.com/product-images/fragrances/dolce-shine-eau-de/thumbnail.webp"},{"id":120,"title":"Vaseline Men Body and Face Lotion","price":9.99,"quantity":4,"total":39.96,"discountPercentage":13.39,"discountedTotal":34.61,"thumbnail":"https://cdn.dummyjson.com/product-images/skin-care/vaseline-men-body-and-face-lotion/thumbnail.webp"},{"id":56,"title":"Electric Stove","price":49.99,"quantity":1,"total":49.99,"discountPercentage":14.04,"discountedTotal":42.97,"thumbnail":"https://cdn.dummyjson.com/product-images/kitchen-accessories/electric-stove/thumbnail.webp"},{"id":90,"title":"Puma Future Rider Trainers","price":89.99,"quantity":5,"total":449.95,"discountPercentage":4.2,"discountedTotal":431.05,"thumbnail":"https://cdn.dummyjson.com/product-images/mens-shoes/puma-future-rider-trainers/thumbnail.webp"}],"total":1229.86,"discountedTotal":1103.65,"userId":7,"totalProducts":6,"totalQuantity":14},{"id":8,"products":[{"id":18,"title":"Cat Food","price":8.99,"quantity":2,"total":17.98,"discountPercentage":9.58,"discountedTotal":16.26,"thumbnail":"https://cdn.dummyjson.com/product-images/groceries/cat-food/thumbnail.webp"},{"id":50,"title":"Black Whisk","price":9.99,"quantity":3,"total":29.97,"discountPercentage":10.24,"discountedTotal":26.9,"thumbnail":"https://cdn.dummyjson.com/product-images/kitchen-accessories/black-whisk/thumbnail.webp"},{"id":162,"title":"Blue Frock","price":29.99,"quantity":4,"total":119.96,"discountPercentage":12.13,"discountedTotal":105.41,"thumbnail":"https://cdn.dummyjson.com/product-images/tops/blue-frock/thumbnail.webp"},{"id":11,"title":"Annibale Colombo Bed","price":1899.99,"quantity":3,"total":5699.97,"discountPercentage":8.57,"discountedTotal":5211.48,"thumbnail":"https://cdn.dummyjson.com/product-images/furniture/annibale-colombo-bed/thumbnail.webp"},{"id":108,"title":"iPhone 12 Silicone Case with MagSafe Plum","price":29.99,"quantity":4,"total":119.96,"discountPercentage":13.85,"discountedTotal":103.35,"thumbnail":"https://cdn.dummyjson.com/product-images/mobile-accessories/iphone-12-silicone-case-with-magsafe-plum/thumbnail.webp"},{"id":106,"title":"Apple Watch Series 4 Gold","price":349.99,"quantity":1,"total":349.99,"discountPercentage":12.02,"discountedTotal":307.92,"thumbnail":"https://cdn.dummyjson.com/product-images/mobile-accessories/apple-watch-series-4-gold/thumbnail.webp"}],"total":6337.83,"discountedTotal":5771.32,"userId":8,"totalProducts":6,"totalQuantity":17},{"id":9,"products":[{"id":1,"title":"Essence Mascara Lash Princess","price":9.99,"quantity":3,"total":29.97,"discountPercentage":10.48,"discountedTotal":26.83,"thumbnail":"https://cdn.dummyjson.com/product-images/beauty/essence-mascara-lash-princess/thumbnail.webp"},{"id":98,"title":"Rolex Submariner Watch","price":13999.99,"quantity":2,"total":27999.98,"discountPercentage":5.05,"discountedTotal":26585.98,"thumbnail":"https://cdn.dummyjson.com/product-images/mens-watches/rolex-submariner-watch/thumbnail.webp"},{"id":132,"title":"Samsung Galaxy S8","price":499.99,"quantity":3,"total":1499.97,"discountPercentage":19.45,"discountedTotal":1208.23,"thumbnail":"https://cdn.dummyjson.com/product-images/smartphones/samsung-galaxy-s8/thumbnail.webp"},{"id":90,"title":"Puma Future Rider Trainers","price":89.99,"quantity":2,"total":179.98,"discountPercentage":4.2,"discountedTotal":172.42,"thumbnail":"https://cdn.dummyjson.com/product-images/mens-shoes/puma-future-rider-trainers/thumbnail.webp"}],"total":29709.9,"discountedTotal":27993.46,"userId":9,"totalProducts":4,"totalQuantity":10},{"id":10,"products":[{"id":41,"title":"Tissue Paper Box","price":2.49,"quantity":1,"total":2.49,"discountPercentage":13.28,"discountedTotal":2.16,"thumbnail":"https://cdn.dummyjson.com/product-images/groceries/tissue-paper-box/thumbnail.webp"},{"id":108,"title":"iPhone 12 Silicone Case with MagSafe Plum","price":29.99,"quantity":5,"total":149.9... (set the log level to DEBUG or TRACE to see the full content) 
 </msg>
<msg time="2026-05-02T19:22:36.011749" level="INFO">/Users/software_engineer/personal_project/sdet/transition_project/venv/lib/python3.13/site-packages/urllib3/connectionpool.py:1097: InsecureRequestWarning: Unverified HTTPS request is being made to host 'dummyjson.com'. Adding certificate verification is strongly advised. See: https://urllib3.readthedocs.io/en/latest/advanced-usage.html#tls-warnings
  warnings.warn(</msg>
<msg time="2026-05-02T19:22:36.012083" level="INFO">${response} = &lt;Response [200]&gt;</msg>
<var>${response}</var>
<arg>api</arg>
<arg>${CARTS_ENDPOINT}</arg>
<doc>Sends a GET request on a previously created HTTP Session.</doc>
<status status="PASS" start="2026-05-02T19:22:35.441990" elapsed="0.570135"/>
</kw>
<kw name="Verify Status Code" owner="common">
<kw name="Should Be Equal As Integers" owner="BuiltIn">
<msg time="2026-05-02T19:22:36.014611" level="INFO">Argument types are:
&lt;class 'int'&gt;
&lt;class 'str'&gt;</msg>
<arg>${response.status_code}</arg>
<arg>${expected_status}</arg>
<doc>Fails if objects are unequal after converting them to integers.</doc>
<status status="PASS" start="2026-05-02T19:22:36.013339" elapsed="0.001357"/>
</kw>
<arg>${response}</arg>
<arg>200</arg>
<status status="PASS" start="2026-05-02T19:22:36.012654" elapsed="0.002129"/>
</kw>
<status status="PASS" start="2026-05-02T19:22:35.440357" elapsed="0.574632"/>
</test>
<test id="s1-s2-s1-t2" name="TC002 - Get Single Cart" line="11">
<kw name="Create Session for API" owner="common">
<kw name="Create Session" owner="RequestsLibrary">
<msg time="2026-05-02T19:22:36.016876" level="INFO">Creating Session using : alias=api, url=https://dummyjson.com, headers={},                     cookies={}, auth=None, timeout=10, proxies=None, verify=False,                     debug=0 </msg>
<arg>api</arg>
<arg>${BASE_URL}</arg>
<arg>timeout=${API_TIMEOUT}</arg>
<doc>Create Session: create a HTTP session to a server</doc>
<status status="PASS" start="2026-05-02T19:22:36.016326" elapsed="0.000865"/>
</kw>
<status status="PASS" start="2026-05-02T19:22:36.015757" elapsed="0.001571"/>
</kw>
<kw name="GET On Session" owner="RequestsLibrary">
<msg time="2026-05-02T19:22:36.518135" level="INFO">GET Request : url=https://dummyjson.com/carts/1 
 path_url=/carts/1 
 headers={'User-Agent': 'python-requests/2.33.1', 'Accept-Encoding': 'gzip, deflate', 'Accept': '*/*', 'Connection': 'keep-alive'} 
 body=None 
 </msg>
<msg time="2026-05-02T19:22:36.518410" level="INFO">GET Response : url=https://dummyjson.com/carts/1 
 status=200, reason=OK 
 headers={'Date': 'Sat, 02 May 2026 12:22:36 GMT', 'Content-Type': 'application/json; charset=utf-8', 'Transfer-Encoding': 'chunked', 'Connection': 'keep-alive', 'access-control-allow-credentials': 'true', 'etag': 'W/"3ef-6k4fnrxrsE+S69Ue56dZUSOEL0Y"', 'strict-transport-security': 'max-age=15552000; includeSubDomains', 'vary': 'Origin, Accept-Encoding', 'x-content-type-options': 'nosniff', 'x-dns-prefetch-control': 'off', 'x-download-options': 'noopen', 'x-frame-options': 'SAMEORIGIN', 'x-ratelimit-limit': '100', 'x-ratelimit-remaining': '99', 'x-ratelimit-reset': '1777724560', 'x-xss-protection': '1; mode=block', 'cf-cache-status': 'DYNAMIC', 'Nel': '{"report_to":"cf-nel","success_fraction":0.0,"max_age":604800}', 'Report-To': '{"group":"cf-nel","max_age":604800,"endpoints":[{"url":"https://a.nel.cloudflare.com/report/v4?s=ityiaWjjWJY1WEE1K9myCHMfIjDVKUW9e%2FbjMpiKAFx3vKwMXkb3lbfSdbAw1VSCkb2P%2BSThvJDBb110bEutJm1nyM6kwL6AlR8p0gsR696ODAZ2jGsXHpHcLsQNMjUbCICH5k%2FkNu6kkLxU"}]}', 'Content-Encoding': 'gzip', 'Server': 'cloudflare', 'CF-RAY': '9f56fe0d8915fde2-SIN'} 
 body={"id":1,"products":[{"id":162,"title":"Blue Frock","price":29.99,"quantity":4,"total":119.96,"discountPercentage":12.13,"discountedTotal":105.41,"thumbnail":"https://cdn.dummyjson.com/product-images/tops/blue-frock/thumbnail.webp"},{"id":113,"title":"Generic Motorcycle","price":3999.99,"quantity":3,"total":11999.97,"discountPercentage":12.1,"discountedTotal":10547.97,"thumbnail":"https://cdn.dummyjson.com/product-images/motorcycle/generic-motorcycle/thumbnail.webp"},{"id":122,"title":"iPhone 6","price":299.99,"quantity":3,"total":899.97,"discountPercentage":6.69,"discountedTotal":839.76,"thumbnail":"https://cdn.dummyjson.com/product-images/smartphones/iphone-6/thumbnail.webp"},{"id":138,"title":"Baseball Ball","price":8.99,"quantity":2,"total":17.98,"discountPercentage":1.71,"discountedTotal":17.67,"thumbnail":"https://cdn.dummyjson.com/product-images/sports-accessories/baseball-ball/thumbnail.webp"}],"total":13037.88,"discountedTotal":11510.81,"userId":1,"totalProducts":4,"totalQuantity":12} 
 </msg>
<msg time="2026-05-02T19:22:36.518703" level="INFO">/Users/software_engineer/personal_project/sdet/transition_project/venv/lib/python3.13/site-packages/urllib3/connectionpool.py:1097: InsecureRequestWarning: Unverified HTTPS request is being made to host 'dummyjson.com'. Adding certificate verification is strongly advised. See: https://urllib3.readthedocs.io/en/latest/advanced-usage.html#tls-warnings
  warnings.warn(</msg>
<msg time="2026-05-02T19:22:36.519067" level="INFO">${response} = &lt;Response [200]&gt;</msg>
<var>${response}</var>
<arg>api</arg>
<arg>${CARTS_ENDPOINT}/1</arg>
<doc>Sends a GET request on a previously created HTTP Session.</doc>
<status status="PASS" start="2026-05-02T19:22:36.017576" elapsed="0.501565"/>
</kw>
<kw name="Verify Status Code" owner="common">
<kw name="Should Be Equal As Integers" owner="BuiltIn">
<msg time="2026-05-02T19:22:36.522059" level="INFO">Argument types are:
&lt;class 'int'&gt;
&lt;class 'str'&gt;</msg>
<arg>${response.status_code}</arg>
<arg>${expected_status}</arg>
<doc>Fails if objects are unequal after converting them to integers.</doc>
<status status="PASS" start="2026-05-02T19:22:36.520595" elapsed="0.001579"/>
</kw>
<arg>${response}</arg>
<arg>200</arg>
<status status="PASS" start="2026-05-02T19:22:36.519755" elapsed="0.002541"/>
</kw>
<kw name="Should Be Equal As Integers" owner="BuiltIn">
<msg time="2026-05-02T19:22:36.523523" level="INFO">Argument types are:
&lt;class 'int'&gt;
&lt;class 'str'&gt;</msg>
<arg>${response.json()}[id]</arg>
<arg>1</arg>
<doc>Fails if objects are unequal after converting them to integers.</doc>
<status status="PASS" start="2026-05-02T19:22:36.522521" elapsed="0.001077"/>
</kw>
<status status="PASS" start="2026-05-02T19:22:36.015264" elapsed="0.508554"/>
</test>
<test id="s1-s2-s1-t3" name="TC003 - Create New Cart" line="17">
<kw name="Create Session for API" owner="common">
<kw name="Create Session" owner="RequestsLibrary">
<msg time="2026-05-02T19:22:36.525810" level="INFO">Creating Session using : alias=api, url=https://dummyjson.com, headers={},                     cookies={}, auth=None, timeout=10, proxies=None, verify=False,                     debug=0 </msg>
<arg>api</arg>
<arg>${BASE_URL}</arg>
<arg>timeout=${API_TIMEOUT}</arg>
<doc>Create Session: create a HTTP session to a server</doc>
<status status="PASS" start="2026-05-02T19:22:36.525345" elapsed="0.000810"/>
</kw>
<status status="PASS" start="2026-05-02T19:22:36.524739" elapsed="0.001594"/>
</kw>
<kw name="Create Dictionary" owner="BuiltIn">
<msg time="2026-05-02T19:22:36.527234" level="INFO">${prodcut1} = {'id': '1', 'quantity': '2'}</msg>
<var>${prodcut1}</var>
<arg>id=1</arg>
<arg>quantity=2</arg>
<doc>Creates and returns a dictionary based on the given ``items``.</doc>
<status status="PASS" start="2026-05-02T19:22:36.526651" elapsed="0.000631"/>
</kw>
<kw name="Create Dictionary" owner="BuiltIn">
<msg time="2026-05-02T19:22:36.527978" level="INFO">${prodcut2} = {'id': '3', 'quantity': '4'}</msg>
<var>${prodcut2}</var>
<arg>id=3</arg>
<arg>quantity=4</arg>
<doc>Creates and returns a dictionary based on the given ``items``.</doc>
<status status="PASS" start="2026-05-02T19:22:36.527535" elapsed="0.000486"/>
</kw>
<kw name="Create List" owner="BuiltIn">
<msg time="2026-05-02T19:22:36.528655" level="INFO">${products} = [{'id': '1', 'quantity': '2'}, {'id': '3', 'quantity': '4'}]</msg>
<var>${products}</var>
<arg>${prodcut1}</arg>
<arg>${prodcut2}</arg>
<doc>Returns a list containing given items.</doc>
<status status="PASS" start="2026-05-02T19:22:36.528215" elapsed="0.000479"/>
</kw>
<kw name="Create Dictionary" owner="BuiltIn">
<msg time="2026-05-02T19:22:36.529518" level="INFO">${data} = {'userId': '1', 'products': [{'id': '1', 'quantity': '2'}, {'id': '3', 'quantity': '4'}]}</msg>
<var>${data}</var>
<arg>userId=1</arg>
<arg>products=${products}</arg>
<doc>Creates and returns a dictionary based on the given ``items``.</doc>
<status status="PASS" start="2026-05-02T19:22:36.528989" elapsed="0.000569"/>
</kw>
<kw name="POST On Session" owner="RequestsLibrary">
<msg time="2026-05-02T19:22:37.082103" level="INFO">POST Request : url=https://dummyjson.com/carts/add 
 path_url=/carts/add 
 headers={'User-Agent': 'python-requests/2.33.1', 'Accept-Encoding': 'gzip, deflate', 'Accept': '*/*', 'Connection': 'keep-alive', 'Content-Length': '89', 'Content-Type': 'application/json'} 
 body=b'{"userId": "1", "products": [{"id": "1", "quantity": "2"}, {"id": "3", "quantity": "4"}]}' 
 </msg>
<msg time="2026-05-02T19:22:37.082356" level="INFO">POST Response : url=https://dummyjson.com/carts/add 
 status=201, reason=Created 
 headers={'Date': 'Sat, 02 May 2026 12:22:37 GMT', 'Content-Type': 'application/json; charset=utf-8', 'Content-Length': '565', 'Connection': 'keep-alive', 'access-control-allow-credentials': 'true', 'etag': 'W/"235-ag88sxCIZazI1FoIW80+zNYmxCM"', 'strict-transport-security': 'max-age=15552000; includeSubDomains', 'vary': 'Origin, Accept-Encoding', 'x-content-type-options': 'nosniff', 'x-dns-prefetch-control': 'off', 'x-download-options': 'noopen', 'x-frame-options': 'SAMEORIGIN', 'x-ratelimit-limit': '100', 'x-ratelimit-remaining': '96', 'x-ratelimit-reset': '1777724560', 'x-xss-protection': '1; mode=block', 'cf-cache-status': 'DYNAMIC', 'Nel': '{"report_to":"cf-nel","success_fraction":0.0,"max_age":604800}', 'Report-To': '{"group":"cf-nel","max_age":604800,"endpoints":[{"url":"https://a.nel.cloudflare.com/report/v4?s=mHMquboE537u8GxhMiiNFjx9j9wwSo3aYbqbOuSxILN5%2BGH0R%2BXevJCnsvZAGFMCWEeF%2BFZJb%2BNB4i3laTwHHTTxg1oiZ3aXYDKPBNmczKmchBzbHon99otHYJoas0PwVGSFX7fIvWrmzd8p"}]}', 'Server': 'cloudflare', 'CF-RAY': '9f56fe10c95af890-SIN'} 
 body={"id":209,"products":[{"id":1,"title":"Essence Mascara Lash Princess","price":9.99,"quantity":2,"total":19.98,"discountPercentage":10.48,"discountedPrice":18,"thumbnail":"https://cdn.dummyjson.com/product-images/beauty/essence-mascara-lash-princess/thumbnail.webp"},{"id":3,"title":"Powder Canister","price":14.99,"quantity":4,"total":59.96,"discountPercentage":9.84,"discountedPrice":54,"thumbnail":"https://cdn.dummyjson.com/product-images/beauty/powder-canister/thumbnail.webp"}],"total":79.94,"discountedTotal":72,"userId":1,"totalProducts":2,"totalQuantity":6} 
 </msg>
<msg time="2026-05-02T19:22:37.082511" level="INFO">/Users/software_engineer/personal_project/sdet/transition_project/venv/lib/python3.13/site-packages/urllib3/connectionpool.py:1097: InsecureRequestWarning: Unverified HTTPS request is being made to host 'dummyjson.com'. Adding certificate verification is strongly advised. See: https://urllib3.readthedocs.io/en/latest/advanced-usage.html#tls-warnings
  warnings.warn(</msg>
<msg time="2026-05-02T19:22:37.082796" level="INFO">${response} = &lt;Response [201]&gt;</msg>
<var>${response}</var>
<arg>api</arg>
<arg>${CARTS_ENDPOINT}/add</arg>
<arg>json=${data}</arg>
<doc>Sends a POST request on a previously created HTTP Session.</doc>
<status status="PASS" start="2026-05-02T19:22:36.529747" elapsed="0.553104"/>
</kw>
<kw name="Verify Status Code" owner="common">
<kw name="Should Be Equal As Integers" owner="BuiltIn">
<msg time="2026-05-02T19:22:37.085556" level="INFO">Argument types are:
&lt;class 'int'&gt;
&lt;class 'str'&gt;</msg>
<arg>${response.status_code}</arg>
<arg>${expected_status}</arg>
<doc>Fails if objects are unequal after converting them to integers.</doc>
<status status="PASS" start="2026-05-02T19:22:37.084060" elapsed="0.001630"/>
</kw>
<arg>${response}</arg>
<arg>201</arg>
<status status="PASS" start="2026-05-02T19:22:37.083329" elapsed="0.002498"/>
</kw>
<kw name="Should Be Equal As Integers" owner="BuiltIn">
<msg time="2026-05-02T19:22:37.087501" level="INFO">Argument types are:
&lt;class 'int'&gt;
&lt;class 'str'&gt;</msg>
<arg>${response.json()}[products][0][id]</arg>
<arg>1</arg>
<doc>Fails if objects are unequal after converting them to integers.</doc>
<status status="PASS" start="2026-05-02T19:22:37.086142" elapsed="0.001468"/>
</kw>
<kw name="Should Be Equal As Integers" owner="BuiltIn">
<msg time="2026-05-02T19:22:37.090539" level="INFO">Argument types are:
&lt;class 'int'&gt;
&lt;class 'str'&gt;</msg>
<arg>${response.json()}[products][0][quantity]</arg>
<arg>2</arg>
<doc>Fails if objects are unequal after converting them to integers.</doc>
<status status="PASS" start="2026-05-02T19:22:37.087932" elapsed="0.002741"/>
</kw>
<kw name="Should Be Equal As Integers" owner="BuiltIn">
<msg time="2026-05-02T19:22:37.091998" level="INFO">Argument types are:
&lt;class 'int'&gt;
&lt;class 'str'&gt;</msg>
<arg>${response.json()}[products][1][id]</arg>
<arg>3</arg>
<doc>Fails if objects are unequal after converting them to integers.</doc>
<status status="PASS" start="2026-05-02T19:22:37.091018" elapsed="0.001049"/>
</kw>
<kw name="Should Be Equal As Integers" owner="BuiltIn">
<msg time="2026-05-02T19:22:37.093023" level="INFO">Argument types are:
&lt;class 'int'&gt;
&lt;class 'str'&gt;</msg>
<arg>${response.json()}[products][1][quantity]</arg>
<arg>4</arg>
<doc>Fails if objects are unequal after converting them to integers.</doc>
<status status="PASS" start="2026-05-02T19:22:37.092239" elapsed="0.000850"/>
</kw>
<status status="PASS" start="2026-05-02T19:22:36.524157" elapsed="0.569125"/>
</test>
<test id="s1-s2-s1-t4" name="TC004 - Delete Cart" line="30">
<kw name="Create Session for API" owner="common">
<kw name="Create Session" owner="RequestsLibrary">
<msg time="2026-05-02T19:22:37.094483" level="INFO">Creating Session using : alias=api, url=https://dummyjson.com, headers={},                     cookies={}, auth=None, timeout=10, proxies=None, verify=False,                     debug=0 </msg>
<arg>api</arg>
<arg>${BASE_URL}</arg>
<arg>timeout=${API_TIMEOUT}</arg>
<doc>Create Session: create a HTTP session to a server</doc>
<status status="PASS" start="2026-05-02T19:22:37.094209" elapsed="0.000468"/>
</kw>
<status status="PASS" start="2026-05-02T19:22:37.093939" elapsed="0.000816"/>
</kw>
<kw name="DELETE On Session" owner="RequestsLibrary">
<msg time="2026-05-02T19:22:37.781293" level="INFO">DELETE Request : url=https://dummyjson.com/carts/1 
 path_url=/carts/1 
 headers={'User-Agent': 'python-requests/2.33.1', 'Accept-Encoding': 'gzip, deflate', 'Accept': '*/*', 'Connection': 'keep-alive', 'Content-Length': '0'} 
 body=None 
 </msg>
<msg time="2026-05-02T19:22:37.781590" level="INFO">DELETE Response : url=https://dummyjson.com/carts/1 
 status=200, reason=OK 
 headers={'Date': 'Sat, 02 May 2026 12:22:37 GMT', 'Content-Type': 'application/json; charset=utf-8', 'Transfer-Encoding': 'chunked', 'Connection': 'keep-alive', 'access-control-allow-credentials': 'true', 'Report-To': '{"group":"cf-nel","max_age":604800,"endpoints":[{"url":"https://a.nel.cloudflare.com/report/v4?s=jCIzxJ1p1%2BbEi8GLkAdlHtGXB4uLJczlpLbEGsHFpuoVdXSBhnz4jagw4DAwaW9UHU0axTOApPt1Sjf3EfS%2BsdmME9bAPKP6O7R46YZCRGQoQYHBHrl%2BSnRf%2BUna5SwwB%2BUH6%2F93YSyUaSXa"}]}', 'etag': 'W/"427-9PuWQFKFm8tHaMryIG1ompauxWA"', 'strict-transport-security': 'max-age=15552000; includeSubDomains', 'vary': 'Origin, Accept-Encoding', 'x-content-type-options': 'nosniff', 'x-dns-prefetch-control': 'off', 'x-download-options': 'noopen', 'x-frame-options': 'SAMEORIGIN', 'x-ratelimit-limit': '100', 'x-ratelimit-remaining': '89', 'x-ratelimit-reset': '1777724560', 'x-xss-protection': '1; mode=block', 'cf-cache-status': 'DYNAMIC', 'Nel': '{"report_to":"cf-nel","success_fraction":0.0,"max_age":604800}', 'Content-Encoding': 'gzip', 'Server': 'cloudflare', 'CF-RAY': '9f56fe14dfaa472e-SIN'} 
 body={"id":1,"products":[{"id":162,"title":"Blue Frock","price":29.99,"quantity":4,"total":119.96,"discountPercentage":12.13,"discountedTotal":105.41,"thumbnail":"https://cdn.dummyjson.com/product-images/tops/blue-frock/thumbnail.webp"},{"id":113,"title":"Generic Motorcycle","price":3999.99,"quantity":3,"total":11999.97,"discountPercentage":12.1,"discountedTotal":10547.97,"thumbnail":"https://cdn.dummyjson.com/product-images/motorcycle/generic-motorcycle/thumbnail.webp"},{"id":122,"title":"iPhone 6","price":299.99,"quantity":3,"total":899.97,"discountPercentage":6.69,"discountedTotal":839.76,"thumbnail":"https://cdn.dummyjson.com/product-images/smartphones/iphone-6/thumbnail.webp"},{"id":138,"title":"Baseball Ball","price":8.99,"quantity":2,"total":17.98,"discountPercentage":1.71,"discountedTotal":17.67,"thumbnail":"https://cdn.dummyjson.com/product-images/sports-accessories/baseball-ball/thumbnail.webp"}],"total":13037.88,"discountedTotal":11510.81,"userId":1,"totalProducts":4,"totalQuantity":12,"isDeleted":true,"deletedOn":"2026-05-02T12:22:37.712Z"} 
 </msg>
<msg time="2026-05-02T19:22:37.782039" level="INFO">/Users/software_engineer/personal_project/sdet/transition_project/venv/lib/python3.13/site-packages/urllib3/connectionpool.py:1097: InsecureRequestWarning: Unverified HTTPS request is being made to host 'dummyjson.com'. Adding certificate verification is strongly advised. See: https://urllib3.readthedocs.io/en/latest/advanced-usage.html#tls-warnings
  warnings.warn(</msg>
<msg time="2026-05-02T19:22:37.782392" level="INFO">${response} = &lt;Response [200]&gt;</msg>
<var>${response}</var>
<arg>api</arg>
<arg>${CARTS_ENDPOINT}/1</arg>
<doc>Sends a DELETE request on a previously created HTTP Session.</doc>
<status status="PASS" start="2026-05-02T19:22:37.094894" elapsed="0.687570"/>
</kw>
<kw name="Verify Status Code" owner="common">
<kw name="Should Be Equal As Integers" owner="BuiltIn">
<msg time="2026-05-02T19:22:37.785275" level="INFO">Argument types are:
&lt;class 'int'&gt;
&lt;class 'str'&gt;</msg>
<arg>${response.status_code}</arg>
<arg>${expected_status}</arg>
<doc>Fails if objects are unequal after converting them to integers.</doc>
<status status="PASS" start="2026-05-02T19:22:37.783865" elapsed="0.001546"/>
</kw>
<arg>${response}</arg>
<arg>200</arg>
<status status="PASS" start="2026-05-02T19:22:37.783138" elapsed="0.002419"/>
</kw>
<kw name="Should Be True" owner="BuiltIn">
<arg>${response.json()}[isDeleted]</arg>
<doc>Fails if the given condition is not true.</doc>
<status status="PASS" start="2026-05-02T19:22:37.785860" elapsed="0.001143"/>
</kw>
<status status="PASS" start="2026-05-02T19:22:37.093507" elapsed="0.693738"/>
</test>
<status status="PASS" start="2026-05-02T19:22:35.438232" elapsed="2.349632"/>
</suite>
<status status="PASS" start="2026-05-02T19:22:35.436368" elapsed="2.352481"/>
</suite>
<suite id="s1-s3" name="Posts" source="/Users/software_engineer/personal_project/sdet/transition_project/week_01/robot-framework-api-tests/tests/posts">
<suite id="s1-s3-s1" name="Posts Crud" source="/Users/software_engineer/personal_project/sdet/transition_project/week_01/robot-framework-api-tests/tests/posts/posts_crud.robot">
<test id="s1-s3-s1-t1" name="TC001 - Get All Posts" line="6">
<kw name="Create Session for API" owner="common">
<kw name="Create Session" owner="RequestsLibrary">
<msg time="2026-05-02T19:22:37.794020" level="INFO">Creating Session using : alias=api, url=https://dummyjson.com, headers={},                     cookies={}, auth=None, timeout=10, proxies=None, verify=False,                     debug=0 </msg>
<arg>api</arg>
<arg>${BASE_URL}</arg>
<arg>timeout=${API_TIMEOUT}</arg>
<doc>Create Session: create a HTTP session to a server</doc>
<status status="PASS" start="2026-05-02T19:22:37.793703" elapsed="0.000530"/>
</kw>
<status status="PASS" start="2026-05-02T19:22:37.793397" elapsed="0.000936"/>
</kw>
<kw name="GET On Session" owner="RequestsLibrary">
<msg time="2026-05-02T19:22:38.168898" level="INFO">GET Request : url=https://dummyjson.com/posts 
 path_url=/posts 
 headers={'User-Agent': 'python-requests/2.33.1', 'Accept-Encoding': 'gzip, deflate', 'Accept': '*/*', 'Connection': 'keep-alive'} 
 body=None 
 </msg>
<msg time="2026-05-02T19:22:38.169099" level="INFO">GET Response : url=https://dummyjson.com/posts 
 status=200, reason=OK 
 headers={'Date': 'Sat, 02 May 2026 12:22:38 GMT', 'Content-Type': 'application/json; charset=utf-8', 'Transfer-Encoding': 'chunked', 'Connection': 'keep-alive', 'access-control-allow-credentials': 'true', 'Report-To': '{"group":"cf-nel","max_age":604800,"endpoints":[{"url":"https://a.nel.cloudflare.com/report/v4?s=r%2Bh1UGrQZdU8ndoupLrdz7zQ5hZwQXnom%2BAsHuND9s%2BQjzLwPQIpEaYSrs6H3i8VuHW9jfwgtyIsw31nkXaHRzFAFbhvcRFt4%2BZBXDwVO%2BuK8NAqVB8HePYjxQ%2Bu%2FtQinJGzjSyI8hQ64xUx"}]}', 'etag': 'W/"391c-dLoE+T/B29hPpTRTGKGcgtyIfzw"', 'strict-transport-security': 'max-age=15552000; includeSubDomains', 'vary': 'Origin, Accept-Encoding', 'x-content-type-options': 'nosniff', 'x-dns-prefetch-control': 'off', 'x-download-options': 'noopen', 'x-frame-options': 'SAMEORIGIN', 'x-ratelimit-limit': '100', 'x-ratelimit-remaining': '99', 'x-ratelimit-reset': '1775965444', 'x-xss-protection': '1; mode=block', 'Age': '340505', 'Cache-Control': 'no-store', 'cf-cache-status': 'HIT', 'Nel': '{"report_to":"cf-nel","success_fraction":0.0,"max_age":604800}', 'Content-Encoding': 'gzip', 'Server': 'cloudflare', 'CF-RAY': '9f56fe18eab081d4-SIN'} 
 body={"posts":[{"id":1,"title":"His mother had always taught him","body":"His mother had always taught him not to ever think of himself as better than others. He'd tried to live by this motto. He never looked down on those who were less fortunate or who had less money than him. But the stupidity of the group of people he was talking to made him change his mind.","tags":["history","american","crime"],"reactions":{"likes":192,"dislikes":25},"views":305,"userId":121},{"id":2,"title":"He was an expert but not in a discipline","body":"He was an expert but not in a discipline that anyone could fully appreciate. He knew how to hold the cone just right so that the soft server ice-cream fell into it at the precise angle to form a perfect cone each and every time. It had taken years to perfect and he could now do it without even putting any thought behind it.","tags":["french","fiction","english"],"reactions":{"likes":859,"dislikes":32},"views":4884,"userId":91},{"id":3,"title":"Dave watched as the forest burned up on the hill.","body":"Dave watched as the forest burned up on the hill, only a few miles from her house. The car had been hastily packed and Marta was inside trying to round up the last of the pets. Dave went through his mental list of the most important papers and documents that they couldn't leave behind. He scolded himself for not having prepared these better in advance and hoped that he had remembered everything that was needed. He continued to wait for Marta to appear with the pets, but she still was nowhere to be seen.","tags":["magical","history","french"],"reactions":{"likes":1448,"dislikes":39},"views":4152,"userId":16},{"id":4,"title":"All he wanted was a candy bar.","body":"All he wanted was a candy bar. It didn't seem like a difficult request to comprehend, but the clerk remained frozen and didn't seem to want to honor the request. It might have had something to do with the gun pointed at his face.","tags":["mystery","english","american"],"reactions":{"likes":359,"dislikes":18},"views":4548,"userId":47},{"id":5,"title":"Hopes and dreams were dashed that day.","body":"Hopes and dreams were dashed that day. It should have been expected, but it still came as a shock. The warning signs had been ignored in favor of the possibility, however remote, that it could actually happen. That possibility had grown from hope to an undeniable belief it must be destiny. That was until it wasn't and the hopes and dreams came crashing down.","tags":["crime","mystery","love"],"reactions":{"likes":119,"dislikes":30},"views":626,"userId":131},{"id":6,"title":"Dave wasn't exactly sure how he had ended up","body":"Dave wasn't exactly sure how he had ended up in this predicament. He ran through all the events that had lead to this current situation and it still didn't make sense. He wanted to spend some time to try and make sense of it all, but he had higher priorities at the moment. The first was how to get out of his current situation of being naked in a tree with snow falling all around and no way for him to get down.","tags":["english","classic","american"],"reactions":{"likes":15,"dislikes":8},"views":38,"userId":98},{"id":7,"title":"This is important to remember.","body":"This is important to remember. Love isn't like pie. You don't need to divide it among all your friends and loved ones. No matter how much love you give, you can always give more. It doesn't run out, so don't try to hold back giving it as if it may one day run out. Give it freely and as much as you want.","tags":["magical","crime"],"reactions":{"likes":127,"dislikes":26},"views":168,"userId":70},{"id":8,"title":"One can cook on and with an open fire.","body":"One can cook on and with an open fire. These are some of the ways to cook with fire outside. Cooking meat using a spit is a great way to evenly cook meat. In order to keep meat from burning, it's best to slowly rotate it.","tags":["american","english"],"reactions":{"likes":1271,"dislikes":36},"views":2116,"userId":67},{"id":9,"title":"There are different types of secrets.","body":"There are different types of secrets. She had held onto plenty of them during her life, but this one was different. She found herself holding onto the worst type. It was the type of secret that could gnaw away at your insides if you didn't tell someone about it, but it could end up getting you killed if you did.","tags":["american","history","magical"],"reactions":{"likes":703,"dislikes":18},"views":2235,"userId":82},{"id":10,"title":"They rushed out the door.","body":"They rushed out the door, grabbing anything and everything they could think of they might need. There was no time to double-check to make sure they weren't leaving something important behind. Everything was thrown into the car and they sped off. Thirty minutes later they were safe and that was when it dawned on them that they had forgotten the most important thing of all.","tags":["fiction","magical","history"],"reactions":{"likes":455,"dislikes":3},"views":4504,"userId":144},{"id":11,"title":"It wasn't quite yet time to panic.","body":"It wasn't quite yet time to panic. There was still time to salvage the situation. At least that is what she was telling himself. The reality was that it was time to panic and there wasn't time to salvage the situation, but he continued to delude himself into believing there was.","tags":["mystery","american","history"],"reactions":{"likes":453,"dislikes":8},"views":984,"userId":43},{"id":12,"title":"She was aware that things could go wrong.","body":"She was aware that things could go wrong. In fact, she had trained her entire life in anticipation that things would go wrong one day. She had quiet confidence as she started to see that this was the day that all her training would be worthwhile and useful. At this point, she had no idea just how wrong everything would go that day.","tags":["love","english"],"reactions":{"likes":362,"dislikes":45},"views":480,"userId":82},{"id":13,"title":"She wanted rainbow hair.","body":"She wanted rainbow hair. That's what she told the hairdresser. It should be deep rainbow colors, too. She wasn't interested in pastel rainbow hair. She wanted it deep and vibrant so there was no doubt that she had done this on purpose.","tags":["mystery","classic","french"],"reactions":{"likes":268,"dislikes":39},"views":3038,"userId":199},{"id":14,"title":"The paper was blank.","body":"The paper was blank. It shouldn't have been. There should have been writing on the paper, at least a paragraph if not more. The fact that the writing wasn't there was frustrating. Actually, it was even more than frustrating. It was downright distressing.","tags":["mystery","english","love"],"reactions":{"likes":118,"dislikes":17},"views":721,"userId":140},{"id":15,"title":"The trees, therefore, must be such old","body":"The trees, therefore, must be such old and primitive techniques that they thought nothing of them, deeming them so inconsequential that even savages like us would know of them and not be suspicious. At that, they probably didn't have too much time after they detected us orbiting and intending to land. And if that were true, there could be only one place where their civilization was hidden.","tags":["fiction","history","crime"],"reactions":{"likes":951,"dislikes":12},"views":2911,"userId":1},{"id":16,"title":"There was only one way to do things in the Statton house.","body":"There was only one way to do things in the Statton house. That one way was to do exactly what the father, Charlie, demanded. He made the decisions and everyone else followed without question. That was until today.","tags":["magical","french","american"],"reactions":{"likes":1257,"dislikes":11},"views":2019,"userId":99},{"id":17,"title":"She was in a hurry.","body":"She was in a hurry. Not the standard hurry when you're in a rush to get someplace, but a frantic hurry. The type of hurry where a few seconds could mean life or death. She raced down the road ignoring speed limits and weaving between cars. She was only a few minutes away when traffic came to a dead standstill on the road ahead.","tags":["french","magical","english"],"reactions":{"likes":50,"dislikes":31},"views":511,"userId":30},{"id":18,"title":"She had a terrible habit o comparing her life to others","body":"She had a terrible habit o comparing her life to others. She realized that their life experiences were completely different than her own and that she saw only what they wanted her to see, but that didn't matter. She still compared herself and yearned for what she thought they had and she didn't.","tags":["history","french","love"],"reactions":{"likes":277,"dislikes":29},"views":1127,"userId":97},{"id":19,"title":"The rain and wind abruptly stopped.","body":"The rain and wind abruptly stopped, but the sky still had the gray swirls of storms in the distance. Dave knew this feeling all too well. The calm before the storm. He only had a limited amount of time before all Hell broke loose, but he stopped to admire the calmness. Maybe it would be different this time, he thought, with the knowledge deep within that it wouldn't.","tags":["fiction","crime","magical"],"reactions":{"likes":566,"dislikes":2},"views":2128,"userId":143},{"id":20,"title":"He couldn't remember exactly where he had read it","body":"He couldn't remember exactly where he had read it, but he was sure that he had. The fact that she didn't believe him was quite frustrating as he began to search the Internet to find the article. It wasn't as if it was something that seemed impossible. Yet she insisted on always seeing the source whenever he stated a fact.","tags":["french","classic"],"reactions":{"likes":999,"dislikes":29},"views":4280,"userId":12},{"id":21,"title":"He wandered down the stairs and into the basement","body":"He wandered down the stairs and into the basement. The damp, musty smell of un-use hung in the air. A single, small window let in a glimmer of light, but this simply made the shadows in the basemen... (set the log level to DEBUG or TRACE to see the full content) 
 </msg>
<msg time="2026-05-02T19:22:38.169487" level="INFO">/Users/software_engineer/personal_project/sdet/transition_project/venv/lib/python3.13/site-packages/urllib3/connectionpool.py:1097: InsecureRequestWarning: Unverified HTTPS request is being made to host 'dummyjson.com'. Adding certificate verification is strongly advised. See: https://urllib3.readthedocs.io/en/latest/advanced-usage.html#tls-warnings
  warnings.warn(</msg>
<msg time="2026-05-02T19:22:38.169703" level="INFO">${response} = &lt;Response [200]&gt;</msg>
<var>${response}</var>
<arg>api</arg>
<arg>${POSTS_ENDPOINT}</arg>
<doc>Sends a GET request on a previously created HTTP Session.</doc>
<status status="PASS" start="2026-05-02T19:22:37.794490" elapsed="0.375255"/>
</kw>
<kw name="Verify Status Code" owner="common">
<kw name="Should Be Equal As Integers" owner="BuiltIn">
<msg time="2026-05-02T19:22:38.171786" level="INFO">Argument types are:
&lt;class 'int'&gt;
&lt;class 'str'&gt;</msg>
<arg>${response.status_code}</arg>
<arg>${expected_status}</arg>
<doc>Fails if objects are unequal after converting them to integers.</doc>
<status status="PASS" start="2026-05-02T19:22:38.170633" elapsed="0.001249"/>
</kw>
<arg>${response}</arg>
<arg>200</arg>
<status status="PASS" start="2026-05-02T19:22:38.170131" elapsed="0.001858"/>
</kw>
<status status="PASS" start="2026-05-02T19:22:37.792899" elapsed="0.379307"/>
</test>
<test id="s1-s3-s1-t2" name="TC002 - Get Single Post" line="11">
<kw name="Create Session for API" owner="common">
<kw name="Create Session" owner="RequestsLibrary">
<msg time="2026-05-02T19:22:38.173346" level="INFO">Creating Session using : alias=api, url=https://dummyjson.com, headers={},                     cookies={}, auth=None, timeout=10, proxies=None, verify=False,                     debug=0 </msg>
<arg>api</arg>
<arg>${BASE_URL}</arg>
<arg>timeout=${API_TIMEOUT}</arg>
<doc>Create Session: create a HTTP session to a server</doc>
<status status="PASS" start="2026-05-02T19:22:38.173083" elapsed="0.000443"/>
</kw>
<status status="PASS" start="2026-05-02T19:22:38.172834" elapsed="0.000769"/>
</kw>
<kw name="GET On Session" owner="RequestsLibrary">
<msg time="2026-05-02T19:22:38.804676" level="INFO">GET Request : url=https://dummyjson.com/posts/1 
 path_url=/posts/1 
 headers={'User-Agent': 'python-requests/2.33.1', 'Accept-Encoding': 'gzip, deflate', 'Accept': '*/*', 'Connection': 'keep-alive'} 
 body=None 
 </msg>
<msg time="2026-05-02T19:22:38.805062" level="INFO">GET Response : url=https://dummyjson.com/posts/1 
 status=200, reason=OK 
 headers={'Date': 'Sat, 02 May 2026 12:22:38 GMT', 'Content-Type': 'application/json; charset=utf-8', 'Transfer-Encoding': 'chunked', 'Connection': 'keep-alive', 'access-control-allow-credentials': 'true', 'etag': 'W/"1c5-HOjJyPXFuJStMSX7RB8h5QIDDRY"', 'strict-transport-security': 'max-age=15552000; includeSubDomains', 'vary': 'Origin, Accept-Encoding', 'x-content-type-options': 'nosniff', 'x-dns-prefetch-control': 'off', 'x-download-options': 'noopen', 'x-frame-options': 'SAMEORIGIN', 'x-ratelimit-limit': '100', 'x-ratelimit-remaining': '97', 'x-ratelimit-reset': '1777724560', 'x-xss-protection': '1; mode=block', 'cf-cache-status': 'DYNAMIC', 'Nel': '{"report_to":"cf-nel","success_fraction":0.0,"max_age":604800}', 'Report-To': '{"group":"cf-nel","max_age":604800,"endpoints":[{"url":"https://a.nel.cloudflare.com/report/v4?s=uiUO%2B2sD7rAWAGdmTKOcsLSivAhGv0jcT3vZ9LhV2ANnam9%2F7GUHy6oD5%2F6peaSiaf3jPIpXVv6HOBZr6KVll62BYTomTzixUM3bWcmxv6oIC0E2jlJ7rhNtgwrb1WbkDlEI7dNKuXjT2bMw"}]}', 'Content-Encoding': 'gzip', 'Server': 'cloudflare', 'CF-RAY': '9f56fe1b3c94fe0c-SIN'} 
[...]
<test id="s1-s5-s1-t3" name="TC003 - Add New User" line="19">
<kw name="Create Session for API" owner="common">
<kw name="Create Session" owner="RequestsLibrary">
<msg time="2026-05-02T19:22:44.654403" level="INFO">Creating Session using : alias=api, url=https://dummyjson.com, headers={},                     cookies={}, auth=None, timeout=10, proxies=None, verify=False,                     debug=0 </msg>
<arg>api</arg>
<arg>${BASE_URL}</arg>
<arg>timeout=${API_TIMEOUT}</arg>
<doc>Create Session: create a HTTP session to a server</doc>
<status status="PASS" start="2026-05-02T19:22:44.654050" elapsed="0.000679"/>
</kw>
<status status="PASS" start="2026-05-02T19:22:44.653689" elapsed="0.001157"/>
</kw>
<kw name="Create User" owner="api_keywords">
<kw name="Create Dictionary" owner="BuiltIn">
<msg time="2026-05-02T19:22:44.656199" level="INFO">${data} = {'firstName': 'first', 'lastName': 'last', 'email': 'mail@mail.com'}</msg>
<var>${data}</var>
<arg>firstName=${firstName}</arg>
<arg>lastName=${lastName}</arg>
<arg>email=${email}</arg>
<doc>Creates and returns a dictionary based on the given ``items``.</doc>
<status status="PASS" start="2026-05-02T19:22:44.655619" elapsed="0.000614"/>
</kw>
<kw name="POST On Session" owner="RequestsLibrary">
<msg time="2026-05-02T19:22:45.258755" level="INFO">POST Request : url=https://dummyjson.com/users/add 
 path_url=/users/add 
 headers={'User-Agent': 'python-requests/2.33.1', 'Accept-Encoding': 'gzip, deflate', 'Accept': '*/*', 'Connection': 'keep-alive', 'Content-Length': '68', 'Content-Type': 'application/json'} 
 body=b'{"firstName": "first", "lastName": "last", "email": "mail@mail.com"}' 
 </msg>
<msg time="2026-05-02T19:22:45.258871" level="INFO">POST Response : url=https://dummyjson.com/users/add 
 status=201, reason=Created 
 headers={'Date': 'Sat, 02 May 2026 12:22:45 GMT', 'Content-Type': 'application/json; charset=utf-8', 'Content-Length': '781', 'Connection': 'keep-alive', 'access-control-allow-credentials': 'true', 'etag': 'W/"30d-pj/sRSkqkicr7pk/EdkIiK4kkAQ"', 'strict-transport-security': 'max-age=15552000; includeSubDomains', 'vary': 'Origin, Accept-Encoding', 'x-content-type-options': 'nosniff', 'x-dns-prefetch-control': 'off', 'x-download-options': 'noopen', 'x-frame-options': 'SAMEORIGIN', 'x-ratelimit-limit': '100', 'x-ratelimit-remaining': '99', 'x-ratelimit-reset': '1777724570', 'x-xss-protection': '1; mode=block', 'cf-cache-status': 'DYNAMIC', 'Nel': '{"report_to":"cf-nel","success_fraction":0.0,"max_age":604800}', 'Report-To': '{"group":"cf-nel","max_age":604800,"endpoints":[{"url":"https://a.nel.cloudflare.com/report/v4?s=2aGI1ER%2F63LnhfW7FgugVHUOxClwl2PutYnsOyCX7Qs39MPTyOXEmAUb8FOBqngGsSouS0vVYTR0te1dsTd54CaAeeK3D%2BDFGAQ0%2BmMyOlvUqA8PgA63B1f4kQ%2F%2B2phsCbzO7gJZ3Vf4BaTo"}]}', 'Server': 'cloudflare', 'CF-RAY': '9f56fe43adb84042-SIN'} 
 body={"id":209,"firstName":"first","lastName":"last","maidenName":"","age":null,"gender":"","email":"mail@mail.com","phone":"","username":"","password":"","birthDate":"","image":"","bloodGroup":"","height":null,"weight":null,"eyeColor":"","hair":{"color":"","type":""},"ip":"","address":{"address":"","city":"","state":"","stateCode":"","postalCode":"","coordinates":{"lat":null,"lng":null},"country":""},"macAddress":"","university":"","bank":{"cardExpire":"","cardNumber":"","cardType":"","currency":"","iban":""},"company":{"department":"","name":"","title":"","address":{"address":"","city":"","state":"","stateCode":"","postalCode":"","coordinates":{"lat":null,"lng":null},"country":""}},"ein":"","ssn":"","userAgent":"","crypto":{"coin":"","wallet":"","network":""},"role":"user"} 
 </msg>
<msg time="2026-05-02T19:22:45.258954" level="INFO">/Users/software_engineer/personal_project/sdet/transition_project/venv/lib/python3.13/site-packages/urllib3/connectionpool.py:1097: InsecureRequestWarning: Unverified HTTPS request is being made to host 'dummyjson.com'. Adding certificate verification is strongly advised. See: https://urllib3.readthedocs.io/en/latest/advanced-usage.html#tls-warnings
  warnings.warn(</msg>
<msg time="2026-05-02T19:22:45.259105" level="INFO">${response} = &lt;Response [201]&gt;</msg>
<var>${response}</var>
<arg>api</arg>
<arg>${USERS_ENDPOINT}/add</arg>
<arg>json=${data}</arg>
<doc>Sends a POST request on a previously created HTTP Session.</doc>
<status status="PASS" start="2026-05-02T19:22:44.656367" elapsed="0.602765"/>
</kw>
<return>
<value>${response}</value>
<status status="PASS" start="2026-05-02T19:22:45.259217" elapsed="0.000045"/>
</return>
<msg time="2026-05-02T19:22:45.259409" level="INFO">${response} = &lt;Response [201]&gt;</msg>
<var>${response}</var>
<arg>first</arg>
<arg>last</arg>
<arg>mail@mail.com</arg>
<status status="PASS" start="2026-05-02T19:22:44.655129" elapsed="0.604302"/>
</kw>
<kw name="Verify Status Code" owner="common">
<kw name="Should Be Equal As Integers" owner="BuiltIn">
<msg time="2026-05-02T19:22:45.260709" level="INFO">Argument types are:
&lt;class 'int'&gt;
&lt;class 'str'&gt;</msg>
<arg>${response.status_code}</arg>
<arg>${expected_status}</arg>
<doc>Fails if objects are unequal after converting them to integers.</doc>
<status status="PASS" start="2026-05-02T19:22:45.259973" elapsed="0.000797"/>
</kw>
<arg>${response}</arg>
<arg>201</arg>
<status status="PASS" start="2026-05-02T19:22:45.259651" elapsed="0.001183"/>
</kw>
<kw name="Should Be Equal" owner="BuiltIn">
<arg>${response.json()}[firstName]</arg>
<arg>first</arg>
<doc>Fails if the given objects are unequal.</doc>
<status status="PASS" start="2026-05-02T19:22:45.260972" elapsed="0.000700"/>
</kw>
<kw name="Should Be Equal" owner="BuiltIn">
<arg>${response.json()}[lastName]</arg>
<arg>last</arg>
<doc>Fails if the given objects are unequal.</doc>
<status status="PASS" start="2026-05-02T19:22:45.261804" elapsed="0.000631"/>
</kw>
<kw name="Should Be Equal" owner="BuiltIn">
<arg>${response.json()}[email]</arg>
<arg>mail@mail.com</arg>
<doc>Fails if the given objects are unequal.</doc>
<status status="PASS" start="2026-05-02T19:22:45.262564" elapsed="0.000610"/>
</kw>
<doc>Verify POST new user</doc>
<status status="PASS" start="2026-05-02T19:22:44.653087" elapsed="0.610258"/>
</test>
<test id="s1-s5-s1-t4" name="TC004 - Update User" line="28">
<kw name="Create Session for API" owner="common">
<kw name="Create Session" owner="RequestsLibrary">
<msg time="2026-05-02T19:22:45.264581" level="INFO">Creating Session using : alias=api, url=https://dummyjson.com, headers={},                     cookies={}, auth=None, timeout=10, proxies=None, verify=False,                     debug=0 </msg>
<arg>api</arg>
<arg>${BASE_URL}</arg>
<arg>timeout=${API_TIMEOUT}</arg>
<doc>Create Session: create a HTTP session to a server</doc>
<status status="PASS" start="2026-05-02T19:22:45.264358" elapsed="0.001301"/>
</kw>
<status status="PASS" start="2026-05-02T19:22:45.264144" elapsed="0.001603"/>
</kw>
<kw name="Update User" owner="api_keywords">
<kw name="Create Dictionary" owner="BuiltIn">
<msg time="2026-05-02T19:22:45.266694" level="INFO">${data} = {'firstName': 'update first name'}</msg>
<var>${data}</var>
<arg>firstName=${firstName}</arg>
<doc>Creates and returns a dictionary based on the given ``items``.</doc>
<status status="PASS" start="2026-05-02T19:22:45.266307" elapsed="0.000417"/>
</kw>
<kw name="PUT On Session" owner="RequestsLibrary">
<msg time="2026-05-02T19:22:45.873874" level="INFO">PUT Request : url=https://dummyjson.com/users/1 
 path_url=/users/1 
 headers={'User-Agent': 'python-requests/2.33.1', 'Accept-Encoding': 'gzip, deflate', 'Accept': '*/*', 'Connection': 'keep-alive', 'Content-Length': '34', 'Content-Type': 'application/json'} 
 body=b'{"firstName": "update first name"}' 
 </msg>
<msg time="2026-05-02T19:22:45.874245" level="INFO">PUT Response : url=https://dummyjson.com/users/1 
 status=200, reason=OK 
 headers={'Date': 'Sat, 02 May 2026 12:22:45 GMT', 'Content-Type': 'application/json; charset=utf-8', 'Transfer-Encoding': 'chunked', 'Connection': 'keep-alive', 'access-control-allow-credentials': 'true', 'Report-To': '{"group":"cf-nel","max_age":604800,"endpoints":[{"url":"https://a.nel.cloudflare.com/report/v4?s=6wqrncT2%2BnMWO9inkdaTxhy8NLLopk1i2%2F6xOLybsvfxKkT9K67rTrB0pBHwdFQ7sD9Mq2EM2OPtKfdZIG9lPSe3pd5ByIqrLvm8VtvaRXqyxxXGmT%2Bc4g2h3Ro0Z%2B9u2fN3w325pNdwrIkj"}]}', 'etag': 'W/"59b-M3Z5hkOkxdwGQa/3mjs6GbRPR8Y"', 'strict-transport-security': 'max-age=15552000; includeSubDomains', 'vary': 'Origin, Accept-Encoding', 'x-content-type-options': 'nosniff', 'x-dns-prefetch-control': 'off', 'x-download-options': 'noopen', 'x-frame-options': 'SAMEORIGIN', 'x-ratelimit-limit': '100', 'x-ratelimit-remaining': '91', 'x-ratelimit-reset': '1777724570', 'x-xss-protection': '1; mode=block', 'cf-cache-status': 'DYNAMIC', 'Nel': '{"report_to":"cf-nel","success_fraction":0.0,"max_age":604800}', 'Content-Encoding': 'gzip', 'Server': 'cloudflare', 'CF-RAY': '9f56fe478ab7ce61-SIN'} 
 body={"id":1,"firstName":"update first name","lastName":"Johnson","maidenName":"Smith","age":29,"gender":"female","email":"emily.johnson@x.dummyjson.com","phone":"+81 965-431-3024","username":"emilys","password":"emilyspass","birthDate":"1996-5-30","image":"https://dummyjson.com/icon/emilys/128","bloodGroup":"O-","height":193.24,"weight":63.16,"eyeColor":"Green","hair":{"color":"Brown","type":"Curly"},"ip":"42.48.100.32","address":{"address":"626 Main Street","city":"Phoenix","state":"Mississippi","stateCode":"MS","postalCode":"29112","coordinates":{"lat":-77.16213,"lng":-92.084824},"country":"United States"},"macAddress":"47:fa:41:18:ec:eb","university":"University of Wisconsin--Madison","bank":{"cardExpire":"05/28","cardNumber":"3693233511855044","cardType":"Diners Club International","currency":"GBP","iban":"GB74MH2UZLR9TRPHYNU8F8"},"company":{"department":"Engineering","name":"Dooley, Kozey and Cronin","title":"Sales Manager","address":{"address":"263 Tenth Street","city":"San Francisco","state":"Wisconsin","stateCode":"WI","postalCode":"37657","coordinates":{"lat":71.814525,"lng":-161.150263},"country":"United States"}},"ein":"977-175","ssn":"900-590-289","userAgent":"Mozilla/5.0 (Macintosh; Intel Mac OS X 10_15_7) AppleWebKit/537.36 (KHTML, like Gecko) Chrome/96.0.4664.93 Safari/537.36","crypto":{"coin":"Bitcoin","wallet":"0xb9fc2fe63b2a6c003f1c324c3bfa53259162181a","network":"Ethereum (ERC20)"},"role":"admin"} 
 </msg>
<msg time="2026-05-02T19:22:45.874746" level="INFO">/Users/software_engineer/personal_project/sdet/transition_project/venv/lib/python3.13/site-packages/urllib3/connectionpool.py:1097: InsecureRequestWarning: Unverified HTTPS request is being made to host 'dummyjson.com'. Adding certificate verification is strongly advised. See: https://urllib3.readthedocs.io/en/latest/advanced-usage.html#tls-warnings
  warnings.warn(</msg>
<msg time="2026-05-02T19:22:45.875094" level="INFO">${response} = &lt;Response [200]&gt;</msg>
<var>${response}</var>
<arg>api</arg>
<arg>${USERS_ENDPOINT}/${user_id}</arg>
<arg>json=${data}</arg>
<doc>Sends a PUT request on a previously created HTTP Session.</doc>
<status status="PASS" start="2026-05-02T19:22:45.266828" elapsed="0.608301"/>
</kw>
<return>
<value>${response}</value>
<status status="PASS" start="2026-05-02T19:22:45.875262" elapsed="0.000102"/>
</return>
<msg time="2026-05-02T19:22:45.875632" level="INFO">${response} = &lt;Response [200]&gt;</msg>
<var>${response}</var>
<arg>1</arg>
<arg>update first name</arg>
<status status="PASS" start="2026-05-02T19:22:45.265966" elapsed="0.609696"/>
</kw>
<kw name="Verify Status Code" owner="common">
<kw name="Should Be Equal As Integers" owner="BuiltIn">
<msg time="2026-05-02T19:22:45.878268" level="INFO">Argument types are:
&lt;class 'int'&gt;
&lt;class 'str'&gt;</msg>
<arg>${response.status_code}</arg>
<arg>${expected_status}</arg>
<doc>Fails if objects are unequal after converting them to integers.</doc>
<status status="PASS" start="2026-05-02T19:22:45.876629" elapsed="0.001784"/>
</kw>
<arg>${response}</arg>
<arg>200</arg>
<status status="PASS" start="2026-05-02T19:22:45.876080" elapsed="0.002491"/>
</kw>
<kw name="Should Be Equal As Integers" owner="BuiltIn">
<msg time="2026-05-02T19:22:45.879854" level="INFO">Argument types are:
&lt;class 'int'&gt;
&lt;class 'str'&gt;</msg>
<arg>${response.json()}[id]</arg>
<arg>1</arg>
<doc>Fails if objects are unequal after converting them to integers.</doc>
<status status="PASS" start="2026-05-02T19:22:45.878886" elapsed="0.001042"/>
</kw>
<kw name="Should Be Equal" owner="BuiltIn">
<arg>${response.json()}[firstName]</arg>
<arg>update first name</arg>
<doc>Fails if the given objects are unequal.</doc>
<status status="PASS" start="2026-05-02T19:22:45.880113" elapsed="0.001012"/>
</kw>
<doc>Verify PUT update user</doc>
<status status="PASS" start="2026-05-02T19:22:45.263736" elapsed="0.617577"/>
</test>
<test id="s1-s5-s1-t5" name="TC005 - Delete User" line="36">
<kw name="Create Session for API" owner="common">
<kw name="Create Session" owner="RequestsLibrary">
<msg time="2026-05-02T19:22:45.882772" level="INFO">Creating Session using : alias=api, url=https://dummyjson.com, headers={},                     cookies={}, auth=None, timeout=10, proxies=None, verify=False,                     debug=0 </msg>
<arg>api</arg>
<arg>${BASE_URL}</arg>
<arg>timeout=${API_TIMEOUT}</arg>
<doc>Create Session: create a HTTP session to a server</doc>
<status status="PASS" start="2026-05-02T19:22:45.882469" elapsed="0.000520"/>
</kw>
<status status="PASS" start="2026-05-02T19:22:45.882168" elapsed="0.000914"/>
</kw>
<kw name="Delete User" owner="api_keywords">
<kw name="DELETE On Session" owner="RequestsLibrary">
<msg time="2026-05-02T19:22:46.689880" level="INFO">DELETE Request : url=https://dummyjson.com/users/1 
 path_url=/users/1 
 headers={'User-Agent': 'python-requests/2.33.1', 'Accept-Encoding': 'gzip, deflate', 'Accept': '*/*', 'Connection': 'keep-alive', 'Content-Length': '0'} 
 body=None 
 </msg>
<msg time="2026-05-02T19:22:46.690125" level="INFO">DELETE Response : url=https://dummyjson.com/users/1 
 status=200, reason=OK 
 headers={'Date': 'Sat, 02 May 2026 12:22:46 GMT', 'Content-Type': 'application/json; charset=utf-8', 'Transfer-Encoding': 'chunked', 'Connection': 'keep-alive', 'access-control-allow-credentials': 'true', 'Report-To': '{"group":"cf-nel","max_age":604800,"endpoints":[{"url":"https://a.nel.cloudflare.com/report/v4?s=H3Ny7owsOXHQkxq0ETNzHZj11QkWfD3lsKrldMfFCXSPqXrLyIsNERXEYX73fYHWzmNVwDt6txc7v8raK9ndVtnvZSaHWYc9CjVocl4qciMkEkAxKt96A2xONY8l4RfH91FQQ%2F9bMwvRXc2O"}]}', 'etag': 'W/"5c7-9y5nFMygjZY227JZz118GKzEp3I"', 'strict-transport-security': 'max-age=15552000; includeSubDomains', 'vary': 'Origin, Accept-Encoding', 'x-content-type-options': 'nosniff', 'x-dns-prefetch-control': 'off', 'x-download-options': 'noopen', 'x-frame-options': 'SAMEORIGIN', 'x-ratelimit-limit': '100', 'x-ratelimit-remaining': '94', 'x-ratelimit-reset': '1777724570', 'x-xss-protection': '1; mode=block', 'cf-cache-status': 'DYNAMIC', 'Nel': '{"report_to":"cf-nel","success_fraction":0.0,"max_age":604800}', 'Content-Encoding': 'gzip', 'Server': 'cloudflare', 'CF-RAY': '9f56fe4beae376b5-SIN'} 
 body={"id":1,"firstName":"Emily","lastName":"Johnson","maidenName":"Smith","age":29,"gender":"female","email":"emily.johnson@x.dummyjson.com","phone":"+81 965-431-3024","username":"emilys","password":"emilyspass","birthDate":"1996-5-30","image":"https://dummyjson.com/icon/emilys/128","bloodGroup":"O-","height":193.24,"weight":63.16,"eyeColor":"Green","hair":{"color":"Brown","type":"Curly"},"ip":"42.48.100.32","address":{"address":"626 Main Street","city":"Phoenix","state":"Mississippi","stateCode":"MS","postalCode":"29112","coordinates":{"lat":-77.16213,"lng":-92.084824},"country":"United States"},"macAddress":"47:fa:41:18:ec:eb","university":"University of Wisconsin--Madison","bank":{"cardExpire":"05/28","cardNumber":"3693233511855044","cardType":"Diners Club International","currency":"GBP","iban":"GB74MH2UZLR9TRPHYNU8F8"},"company":{"department":"Engineering","name":"Dooley, Kozey and Cronin","title":"Sales Manager","address":{"address":"263 Tenth Street","city":"San Francisco","state":"Wisconsin","stateCode":"WI","postalCode":"37657","coordinates":{"lat":71.814525,"lng":-161.150263},"country":"United States"}},"ein":"977-175","ssn":"900-590-289","userAgent":"Mozilla/5.0 (Macintosh; Intel Mac OS X 10_15_7) AppleWebKit/537.36 (KHTML, like Gecko) Chrome/96.0.4664.93 Safari/537.36","crypto":{"coin":"Bitcoin","wallet":"0xb9fc2fe63b2a6c003f1c324c3bfa53259162181a","network":"Ethereum (ERC20)"},"role":"admin","isDeleted":true,"deletedOn":"2026-05-02T12:22:46.508Z"} 
 </msg>
<msg time="2026-05-02T19:22:46.690316" level="INFO">/Users/software_engineer/personal_project/sdet/transition_project/venv/lib/python3.13/site-packages/urllib3/connectionpool.py:1097: InsecureRequestWarning: Unverified HTTPS request is being made to host 'dummyjson.com'. Adding certificate verification is strongly advised. See: https://urllib3.readthedocs.io/en/latest/advanced-usage.html#tls-warnings
  warnings.warn(</msg>
<msg time="2026-05-02T19:22:46.690609" level="INFO">${response} = &lt;Response [200]&gt;</msg>
<var>${response}</var>
<arg>api</arg>
<arg>${USERS_ENDPOINT}/${user_id}</arg>
<doc>Sends a DELETE request on a previously created HTTP Session.</doc>
<status status="PASS" start="2026-05-02T19:22:45.883630" elapsed="0.807023"/>
</kw>
<return>
<value>${response}</value>
<status status="PASS" start="2026-05-02T19:22:46.690811" elapsed="0.000128"/>
</return>
<msg time="2026-05-02T19:22:46.691270" level="INFO">${response} = &lt;Response [200]&gt;</msg>
<var>${response}</var>
<arg>1</arg>
<status status="PASS" start="2026-05-02T19:22:45.883324" elapsed="0.807992"/>
</kw>
<kw name="Verify Status Code" owner="common">
<kw name="Should Be Equal As Integers" owner="BuiltIn">
<msg time="2026-05-02T19:22:46.693781" level="INFO">Argument types are:
&lt;class 'int'&gt;
&lt;class 'str'&gt;</msg>
<arg>${response.status_code}</arg>
<arg>${expected_status}</arg>
<doc>Fails if objects are unequal after converting them to integers.</doc>
<status status="PASS" start="2026-05-02T19:22:46.692469" elapsed="0.001423"/>
</kw>
<arg>${response}</arg>
<arg>200</arg>
<status status="PASS" start="2026-05-02T19:22:46.691816" elapsed="0.002171"/>
</kw>
<kw name="Should Be True" owner="BuiltIn">
<arg>${response.json()}[isDeleted]</arg>
<doc>Fails if the given condition is not true.</doc>
<status status="PASS" start="2026-05-02T19:22:46.694197" elapsed="0.001058"/>
</kw>
<doc>Verify DELETE user</doc>
<status status="PASS" start="2026-05-02T19:22:45.881607" elapsed="0.813880"/>
</test>
<status status="PASS" start="2026-05-02T19:22:43.537408" elapsed="3.158678"/>
</suite>
<status status="PASS" start="2026-05-02T19:22:43.535949" elapsed="3.160870"/>
</suite>
<status status="PASS" start="2026-05-02T19:22:32.759955" elapsed="13.937642"/>
</suite>
<statistics>
<total>
<stat pass="22" fail="0" skip="0">All Tests</stat>
</total>
<tag>
</tag>
<suite>
<stat name="Tests" id="s1" pass="22" fail="0" skip="0">Tests</stat>
<stat name="Auth" id="s1-s1" pass="3" fail="0" skip="0">Tests.Auth</stat>
<stat name="Auth Test" id="s1-s1-s1" pass="3" fail="0" skip="0">Tests.Auth.Auth Test</stat>
<stat name="Carts" id="s1-s2" pass="4" fail="0" skip="0">Tests.Carts</stat>
<stat name="Carts Crud" id="s1-s2-s1" pass="4" fail="0" skip="0">Tests.Carts.Carts Crud</stat>
<stat name="Posts" id="s1-s3" pass="4" fail="0" skip="0">Tests.Posts</stat>
<stat name="Posts Crud" id="s1-s3-s1" pass="4" fail="0" skip="0">Tests.Posts.Posts Crud</stat>
<stat name="Products" id="s1-s4" pass="6" fail="0" skip="0">Tests.Products</stat>
<stat name="Products Crud" id="s1-s4-s1" pass="6" fail="0" skip="0">Tests.Products.Products Crud</stat>
<stat name="Users" id="s1-s5" pass="5" fail="0" skip="0">Tests.Users</stat>
<stat name="Users Crud" id="s1-s5-s1" pass="5" fail="0" skip="0">Tests.Users.Users Crud</stat>
</suite>
</statistics>
<errors>
</errors>
</robot>
